Log file open, 10/30/18 10:22:28
LogWindows: Failed to load 'aqProf.dll' (GetLastError=126)
LogWindows: File 'aqProf.dll' does not exist
LogWindows: Failed to load 'VSPerf140.dll' (GetLastError=126)
LogWindows: File 'VSPerf140.dll' does not exist
LogWindows: Failed to load 'VtuneApi.dll' (GetLastError=126)
LogWindows: File 'VtuneApi.dll' does not exist
LogWindows: Failed to load 'VtuneApi32e.dll' (GetLastError=126)
LogWindows: File 'VtuneApi32e.dll' does not exist
LogInit: Display: Running engine for game: Fun
LogPlatformFile: Not using cached read wrapper
LogInit: Display: RandInit(197426027) SRandInit(197426028).
LogInit: Read version file with build ID '3709383'
LogInit: Overriding engine version to CL 3832480, compatible CL 3709383
LogInit: Registered custom module enumerator with build ID '3709383'
LogTaskGraph: Started task graph with 5 named threads and 14 total threads with 3 sets of task threads.
LogStats: Stats thread started at 2.796344
LogD3D11RHI: Aftermath initialized
LogModuleManager: Display: Found up-to-date module file ../../../Engine/Plugins/2D/Paper2D/Binaries/Win64/UE4Editor-Paper2D.dll (API version 3709383).
LogModuleManager: Display: Found up-to-date module file ../../../Engine/Plugins/2D/Paper2D/Binaries/Win64/UE4Editor-Paper2DEditor.dll (API version 3709383).
LogModuleManager: Display: Found up-to-date module file ../../../Engine/Plugins/2D/Paper2D/Binaries/Win64/UE4Editor-PaperSpriteSheetImporter.dll (API version 3709383).
LogModuleManager: Display: Found up-to-date module file ../../../Engine/Plugins/2D/Paper2D/Binaries/Win64/UE4Editor-PaperTiledImporter.dll (API version 3709383).
LogModuleManager: Display: Found up-to-date module file ../../../Engine/Plugins/2D/Paper2D/Binaries/Win64/UE4Editor-SmartSnapping.dll (API version 3709383).
LogModuleManager: Display: Found up-to-date module file ../../../Engine/Plugins/Blendables/LightPropagationVolume/Binaries/Win64/UE4Editor-LightPropagationVolumeRuntime.dll (API version 3709383).
LogModuleManager: Display: Found up-to-date module file ../../../Engine/Plugins/Blendables/LightPropagationVolume/Binaries/Win64/UE4Editor-LightPropagationVolumeEditor.dll (API version 3709383).
LogModuleManager: Display: Found up-to-date module file ../../../Engine/Plugins/Developer/GitSourceControl/Binaries/Win64/UE4Editor-GitSourceControl.dll (API version 3709383).
LogModuleManager: Display: Found up-to-date module file ../../../Engine/Plugins/Developer/PerforceSourceControl/Binaries/Win64/UE4Editor-PerforceSourceControl.dll (API version 3709383).
LogModuleManager: Display: Found up-to-date module file ../../../Engine/Plugins/Developer/SubversionSourceControl/Binaries/Win64/UE4Editor-SubversionSourceControl.dll (API version 3709383).
LogModuleManager: Display: Found up-to-date module file ../../../Engine/Plugins/Developer/UObjectPlugin/Binaries/Win64/UE4Editor-UObjectPlugin.dll (API version 3709383).
LogModuleManager: Display: Found up-to-date module file ../../../Engine/Plugins/Developer/VisualStudioCodeSourceCodeAccess/Binaries/Win64/UE4Editor-VisualStudioCodeSourceCodeAccess.dll (API version 3709383).
LogModuleManager: Display: Found up-to-date module file ../../../Engine/Plugins/Developer/VisualStudioSourceCodeAccess/Binaries/Win64/UE4Editor-VisualStudioSourceCodeAccess.dll (API version 3709383).
LogModuleManager: Display: Found up-to-date module file ../../../Engine/Plugins/Editor/AssetManagerEditor/Binaries/Win64/UE4Editor-AssetManagerEditor.dll (API version 3709383).
LogModuleManager: Display: Found up-to-date module file ../../../Engine/Plugins/Editor/AudioCapture/Binaries/Win64/UE4Editor-AudioCapture.dll (API version 3709383).
LogModuleManager: Display: Found up-to-date module file ../../../Engine/Plugins/Editor/FacialAnimation/Binaries/Win64/UE4Editor-FacialAnimation.dll (API version 3709383).
LogModuleManager: Display: Found up-to-date module file ../../../Engine/Plugins/Editor/FacialAnimation/Binaries/Win64/UE4Editor-FacialAnimationEditor.dll (API version 3709383).
LogModuleManager: Display: Found up-to-date module file ../../../Engine/Plugins/Editor/GameplayTagsEditor/Binaries/Win64/UE4Editor-GameplayTagsEditor.dll (API version 3709383).
LogModuleManager: Display: Found up-to-date module file ../../../Engine/Plugins/Editor/MobileLauncherProfileWizard/Binaries/Win64/UE4Editor-MobileLauncherProfileWizard.dll (API version 3709383).
LogModuleManager: Display: Found up-to-date module file ../../../Engine/Plugins/Editor/PluginBrowser/Binaries/Win64/UE4Editor-PluginBrowser.dll (API version 3709383).
LogModuleManager: Display: Found up-to-date module file ../../../Engine/Plugins/Editor/SpeedTreeImporter/Binaries/Win64/UE4Editor-SpeedTreeImporter.dll (API version 3709383).
LogModuleManager: Display: Found up-to-date module file ../../../Engine/Plugins/Experimental/AlembicImporter/Binaries/Win64/UE4Editor-AlembicImporter.dll (API version 3709383).
LogModuleManager: Display: Found up-to-date module file ../../../Engine/Plugins/Experimental/AlembicImporter/Binaries/Win64/UE4Editor-AlembicLibrary.dll (API version 3709383).
LogModuleManager: Display: Found up-to-date module file ../../../Engine/Plugins/Experimental/CharacterAI/Binaries/Win64/UE4Editor-CharacterAI.dll (API version 3709383).
LogModuleManager: Display: Found up-to-date module file ../../../Engine/Plugins/Experimental/HTML5Networking/Binaries/Win64/UE4Editor-HTML5Networking.dll (API version 3709383).
LogModuleManager: Display: Found up-to-date module file ../../../Engine/Plugins/Media/AndroidMedia/Binaries/Win64/UE4Editor-AndroidMediaEditor.dll (API version 3709383).
LogModuleManager: Display: Found up-to-date module file ../../../Engine/Plugins/Media/AndroidMedia/Binaries/Win64/UE4Editor-AndroidMediaFactory.dll (API version 3709383).
LogModuleManager: Display: Found up-to-date module file ../../../Engine/Plugins/Media/AvfMedia/Binaries/Win64/UE4Editor-AvfMediaEditor.dll (API version 3709383).
LogModuleManager: Display: Found up-to-date module file ../../../Engine/Plugins/Media/AvfMedia/Binaries/Win64/UE4Editor-AvfMediaFactory.dll (API version 3709383).
LogModuleManager: Display: Found up-to-date module file ../../../Engine/Plugins/Media/AvfMedia/Binaries/Win64/UE4Editor-AvfMediaFactory.dll (API version 3709383).
LogModuleManager: Display: Found up-to-date module file ../../../Engine/Plugins/Media/ImgMedia/Binaries/Win64/UE4Editor-ImgMedia.dll (API version 3709383).
LogModuleManager: Display: Found up-to-date module file ../../../Engine/Plugins/Media/ImgMedia/Binaries/Win64/UE4Editor-ImgMediaEditor.dll (API version 3709383).
LogModuleManager: Display: Found up-to-date module file ../../../Engine/Plugins/Media/ImgMedia/Binaries/Win64/UE4Editor-ImgMediaFactory.dll (API version 3709383).
LogModuleManager: Display: Found up-to-date module file ../../../Engine/Plugins/Media/ImgMedia/Binaries/Win64/UE4Editor-ImgMediaFactory.dll (API version 3709383).
LogModuleManager: Display: Found up-to-date module file ../../../Engine/Plugins/Media/ImgMedia/Binaries/Win64/UE4Editor-OpenExrWrapper.dll (API version 3709383).
LogModuleManager: Display: Found up-to-date module file ../../../Engine/Plugins/Media/MediaCompositing/Binaries/Win64/UE4Editor-MediaCompositing.dll (API version 3709383).
LogModuleManager: Display: Found up-to-date module file ../../../Engine/Plugins/Media/MediaCompositing/Binaries/Win64/UE4Editor-MediaCompositingEditor.dll (API version 3709383).
LogModuleManager: Display: Found up-to-date module file ../../../Engine/Plugins/Media/MediaPlayerEditor/Binaries/Win64/UE4Editor-MediaPlayerEditor.dll (API version 3709383).
LogModuleManager: Display: Found up-to-date module file ../../../Engine/Plugins/Media/WmfMedia/Binaries/Win64/UE4Editor-WmfMedia.dll (API version 3709383).
LogModuleManager: Display: Found up-to-date module file ../../../Engine/Plugins/Media/WmfMedia/Binaries/Win64/UE4Editor-WmfMediaEditor.dll (API version 3709383).
LogModuleManager: Display: Found up-to-date module file ../../../Engine/Plugins/Media/WmfMedia/Binaries/Win64/UE4Editor-WmfMediaFactory.dll (API version 3709383).
LogModuleManager: Display: Found up-to-date module file ../../../Engine/Plugins/Media/WmfMedia/Binaries/Win64/UE4Editor-WmfMediaFactory.dll (API version 3709383).
LogModuleManager: Display: Found up-to-date module file ../../../Engine/Plugins/Messaging/TcpMessaging/Binaries/Win64/UE4Editor-TcpMessaging.dll (API version 3709383).
LogModuleManager: Display: Found up-to-date module file ../../../Engine/Plugins/Messaging/UdpMessaging/Binaries/Win64/UE4Editor-UdpMessaging.dll (API version 3709383).
LogModuleManager: Display: Found up-to-date module file ../../../Engine/Plugins/MovieScene/ActorSequence/Binaries/Win64/UE4Editor-ActorSequence.dll (API version 3709383).
LogModuleManager: Display: Found up-to-date module file ../../../Engine/Plugins/MovieScene/LevelSequenceEditor/Binaries/Win64/UE4Editor-LevelSequenceEditor.dll (API version 3709383).
LogModuleManager: Display: Found up-to-date module file ../../../Engine/Plugins/MovieScene/MatineeToLevelSequence/Binaries/Win64/UE4Editor-MatineeToLevelSequence.dll (API version 3709383).
LogModuleManager: Display: Found up-to-date module file ../../../Engine/Plugins/Online/OnlineSubsystem/Binaries/Win64/UE4Editor-OnlineSubsystem.dll (API version 3709383).
LogModuleManager: Display: Found up-to-date module file ../../../Engine/Plugins/Runtime/AndroidPermission/Binaries/Win64/UE4Editor-AndroidPermission.dll (API version 3709383).
LogModuleManager: Display: Found up-to-date module file ../../../Engine/Plugins/Online/OnlineSubsystemNull/Binaries/Win64/UE4Editor-OnlineSubsystemNull.dll (API version 3709383).
LogModuleManager: Display: Found up-to-date module file ../../../Engine/Plugins/Online/OnlineSubsystemUtils/Binaries/Win64/UE4Editor-OnlineSubsystemUtils.dll (API version 3709383).
LogModuleManager: Display: Found up-to-date module file ../../../Engine/Plugins/Online/OnlineSubsystemUtils/Binaries/Win64/UE4Editor-OnlineBlueprintSupport.dll (API version 3709383).
LogModuleManager: Display: Found up-to-date module file ../../../Engine/Plugins/Runtime/AndroidDeviceProfileSelector/Binaries/Win64/UE4Editor-AndroidDeviceProfileSelector.dll (API version 3709383).
LogModuleManager: Display: Found up-to-date module file ../../../Engine/Plugins/Runtime/AppleARKit/Binaries/Win64/UE4Editor-AppleARKit.dll (API version 3709383).
LogModuleManager: Display: Found up-to-date module file ../../../Engine/Plugins/Runtime/ArchVisCharacter/Binaries/Win64/UE4Editor-ArchVisCharacter.dll (API version 3709383).
LogModuleManager: Display: Found up-to-date module file ../../../Engine/Plugins/Runtime/CableComponent/Binaries/Win64/UE4Editor-CableComponent.dll (API version 3709383).
LogModuleManager: Display: Found up-to-date module file ../../../Engine/Plugins/Runtime/CustomMeshComponent/Binaries/Win64/UE4Editor-CustomMeshComponent.dll (API version 3709383).
LogModuleManager: Display: Found up-to-date module file ../../../Engine/Plugins/Runtime/ExampleDeviceProfileSelector/Binaries/Win64/UE4Editor-ExampleDeviceProfileSelector.dll (API version 3709383).
LogModuleManager: Display: Found up-to-date module file ../../../Engine/Plugins/Runtime/ImmediatePhysics/Binaries/Win64/UE4Editor-ImmediatePhysics.dll (API version 3709383).
LogModuleManager: Display: Found up-to-date module file ../../../Engine/Plugins/Runtime/ImmediatePhysics/Binaries/Win64/UE4Editor-ImmediatePhysicsEditor.dll (API version 3709383).
LogModuleManager: Display: Found up-to-date module file ../../../Engine/Plugins/Runtime/LocationServicesBPLibrary/Binaries/Win64/UE4Editor-LocationServicesBPLibrary.dll (API version 3709383).
LogModuleManager: Display: Found up-to-date module file ../../../Engine/Plugins/Runtime/MobilePatchingUtils/Binaries/Win64/UE4Editor-MobilePatchingUtils.dll (API version 3709383).
LogModuleManager: Display: Found up-to-date module file ../../../Engine/Plugins/Runtime/Oculus/OculusVR/Binaries/Win64/UE4Editor-OculusHMD.dll (API version 3709383).
LogModuleManager: Display: Found up-to-date module file ../../../Engine/Plugins/Runtime/Oculus/OculusVR/Binaries/Win64/UE4Editor-OculusInput.dll (API version 3709383).
LogModuleManager: Display: Found up-to-date module file ../../../Engine/Plugins/Runtime/Oculus/OculusVR/Binaries/Win64/UE4Editor-OculusEditor.dll (API version 3709383).
LogModuleManager: Display: Found up-to-date module file ../../../Engine/Plugins/Runtime/PhysXVehicles/Binaries/Win64/UE4Editor-PhysXVehicles.dll (API version 3709383).
LogModuleManager: Display: Found up-to-date module file ../../../Engine/Plugins/Runtime/PhysXVehicles/Binaries/Win64/UE4Editor-PhysXVehiclesEditor.dll (API version 3709383).
LogModuleManager: Display: Found up-to-date module file ../../../Engine/Plugins/Runtime/ProceduralMeshComponent/Binaries/Win64/UE4Editor-ProceduralMeshComponent.dll (API version 3709383).
LogModuleManager: Display: Found up-to-date module file ../../../Engine/Plugins/Runtime/ProceduralMeshComponent/Binaries/Win64/UE4Editor-ProceduralMeshComponentEditor.dll (API version 3709383).
LogModuleManager: Display: Found up-to-date module file ../../../Engine/Plugins/Runtime/RuntimePhysXCooking/Binaries/Win64/UE4Editor-RuntimePhysXCooking.dll (API version 3709383).
LogModuleManager: Display: Found up-to-date module file ../../../Engine/Plugins/Runtime/Steam/SteamVR/Binaries/Win64/UE4Editor-SteamVR.dll (API version 3709383).
LogModuleManager: Display: Found up-to-date module file ../../../Engine/Plugins/Runtime/Steam/SteamVR/Binaries/Win64/UE4Editor-SteamVRController.dll (API version 3709383).
LogModuleManager: Display: Found up-to-date module file ../../../Engine/Plugins/Runtime/WindowsMoviePlayer/Binaries/Win64/UE4Editor-WindowsMoviePlayer.dll (API version 3709383).
LogPluginManager: Mounting plugin Paper2D
LogPluginManager: Mounting plugin LightPropagationVolume
LogPluginManager: Mounting plugin CodeLiteSourceCodeAccess
LogPluginManager: Mounting plugin GitSourceControl
LogPluginManager: Mounting plugin KDevelopSourceCodeAccess
LogPluginManager: Mounting plugin NullSourceCodeAccess
LogPluginManager: Mounting plugin PerforceSourceControl
LogPluginManager: Mounting plugin SubversionSourceControl
LogPluginManager: Mounting plugin UObjectPlugin
LogPluginManager: Mounting plugin VisualStudioCodeSourceCodeAccess
LogPluginManager: Mounting plugin VisualStudioSourceCodeAccess
LogPluginManager: Mounting plugin XCodeSourceCodeAccess
LogPluginManager: Mounting plugin AssetManagerEditor
LogPluginManager: Mounting plugin AudioCapture
LogPluginManager: Mounting plugin FacialAnimation
LogPluginManager: Mounting plugin GameplayTagsEditor
LogPluginManager: Mounting plugin MobileLauncherProfileWizard
LogPluginManager: Mounting plugin PluginBrowser
LogPluginManager: Mounting plugin SpeedTreeImporter
LogPluginManager: Mounting plugin AlembicImporter
LogPluginManager: Mounting plugin CharacterAI
LogPluginManager: Mounting plugin HTML5Networking
LogPluginManager: Mounting plugin AndroidMedia
LogPluginManager: Mounting plugin AvfMedia
LogPluginManager: Mounting plugin ImgMedia
LogPluginManager: Mounting plugin MediaCompositing
LogPluginManager: Mounting plugin MediaPlayerEditor
LogPluginManager: Mounting plugin WmfMedia
LogPluginManager: Mounting plugin TcpMessaging
LogPluginManager: Mounting plugin UdpMessaging
LogPluginManager: Mounting plugin ActorSequence
LogPluginManager: Mounting plugin LevelSequenceEditor
LogPluginManager: Mounting plugin MatineeToLevelSequence
LogPluginManager: Mounting plugin OnlineSubsystemGooglePlay
LogPluginManager: Mounting plugin OnlineSubsystemIOS
LogPluginManager: Mounting plugin OnlineSubsystem
LogPluginManager: Mounting plugin OnlineSubsystemNull
LogPluginManager: Mounting plugin OnlineSubsystemUtils
LogPluginManager: Mounting plugin AndroidDeviceProfileSelector
LogPluginManager: Mounting plugin AndroidMoviePlayer
LogPluginManager: Mounting plugin AndroidPermission
LogPluginManager: Mounting plugin AppleARKit
LogPluginManager: Mounting plugin AppleMoviePlayer
LogPluginManager: Mounting plugin ArchVisCharacter
LogPluginManager: Mounting plugin CableComponent
LogPluginManager: Mounting plugin CustomMeshComponent
LogPluginManager: Mounting plugin ExampleDeviceProfileSelector
LogPluginManager: Mounting plugin GoogleCloudMessaging
LogPluginManager: Mounting plugin ImmediatePhysics
LogPluginManager: Mounting plugin IOSDeviceProfileSelector
LogPluginManager: Mounting plugin LinuxDeviceProfileSelector
LogPluginManager: Mounting plugin LocationServicesBPLibrary
LogPluginManager: Mounting plugin MobilePatchingUtils
LogPluginManager: Mounting plugin OculusVR
LogPluginManager: Plugin shader directory ../../../Engine/Plugins/Runtime/Oculus/OculusVR/Shaders found
LogPluginManager: Mapping shader source directory ../../../Engine/Plugins/Runtime/Oculus/OculusVR/Shaders to virtual directory /Plugin/OculusVR
LogPluginManager: Mounting plugin PhysXVehicles
LogPluginManager: Mounting plugin ProceduralMeshComponent
LogPluginManager: Mounting plugin RuntimePhysXCooking
LogPluginManager: Mounting plugin SteamVR
LogPluginManager: Mounting plugin WindowsMoviePlayer
LogInit: Using libcurl 7.47.1
LogInit:  - built for x86_64-pc-win32
LogInit:  - supports SSL with OpenSSL/1.0.2g
LogInit:  - supports HTTP deflate (compression) using libz 1.2.8
LogInit:  - other features:
LogInit:      CURL_VERSION_SSL
LogInit:      CURL_VERSION_LIBZ
LogInit:      CURL_VERSION_IPV6
LogInit:      CURL_VERSION_ASYNCHDNS
LogInit:      CURL_VERSION_LARGEFILE
LogInit:      CURL_VERSION_IDN
LogInit:  CurlRequestOptions (configurable via config and command line):
LogInit:  - bVerifyPeer = false  - Libcurl will NOT verify peer certificate
LogInit:  - bUseHttpProxy = false  - Libcurl will NOT use HTTP proxy
LogInit:  - bDontReuseConnections = false  - Libcurl will reuse connections
LogInit:  - CertBundlePath = nullptr  - Libcurl will use whatever was configured at build time.
LogInit: Build: ++UE4+Release-4.18-CL-3832480
LogInit: Engine Version: 4.18.3-3832480+++UE4+Release-4.18
LogInit: Compatible Engine Version: 4.18.0-3709383+++UE4+Release-4.18
LogInit: Net CL: 3709383
LogDevObjectVersion: Number of dev versions registered: 16
LogDevObjectVersion:   Dev-Blueprints (B0D832E4-1F89-4F0D-ACCF-7EB736FD4AA2): 10
LogDevObjectVersion:   Dev-Build (E1C64328-A22C-4D53-A36C-8E866417BD8C): 0
LogDevObjectVersion:   Dev-Core (375EC13C-06E4-48FB-B500-84F0262A717E): 2
LogDevObjectVersion:   Dev-Editor (E4B068ED-F494-42E9-A231-DA0B2E46BB41): 20
LogDevObjectVersion:   Dev-Framework (CFFC743F-43B0-4480-9391-14DF171D2073): 30
LogDevObjectVersion:   Dev-Mobile (B02B49B5-BB20-44E9-A304-32B752E40360): 0
LogDevObjectVersion:   Dev-Networking (A4E4105C-59A1-49B5-A7C5-40C4547EDFEE): 0
LogDevObjectVersion:   Dev-Online (39C831C9-5AE6-47DC-9A44-9C173E1C8E7C): 0
LogDevObjectVersion:   Dev-Physics (78F01B33-EBEA-4F98-B9B4-84EACCB95AA2): 0
LogDevObjectVersion:   Dev-Platform (6631380F-2D4D-43E0-8009-CF276956A95A): 0
LogDevObjectVersion:   Dev-Rendering (12F88B9F-8875-4AFC-A67C-D90C383ABD29): 20
LogDevObjectVersion:   Dev-Sequencer (7B5AE74C-D270-4C10-A958-57980B212A5A): 4
LogDevObjectVersion:   Dev-VR (D7296918-1DD6-4BDD-9DE2-64A83CC13884): 0
LogDevObjectVersion:   Dev-LoadTimes (C2A15278-BFE7-4AFE-6C17-90FF531DF755): 1
LogDevObjectVersion:   Private-Geometry (6EACA3D4-40EC-4CC1-B786-8BED09428FC5): 1
LogDevObjectVersion:   Dev-AnimPhys (29E575DD-E0A3-4627-9D10-D276232CDCEA): 12
LogInit: Compiled (64-bit): Jan 12 2018 02:04:55
LogInit: Compiled with Visual C++: 19.00.24215.01
LogInit: Build Configuration: Development
LogInit: Branch Name: ++UE4+Release-4.18
LogInit: Command line: 
LogInit: Base directory: D:/Program Files/UE_4.18/Engine/Binaries/Win64/
LogInit: Installed Engine Build: 1
LogInit: Presizing for max 8388607 objects, including 0 objects not considered by GC, pre-allocating 0 bytes for permanent pool.
LogInit: Object subsystem initialized
[2018.10.30-14.22.30:874][  0]LogInit: Selected Device Profile: [Windows]
[2018.10.30-14.22.30:874][  0]LogInit: Applying CVar settings loaded from the selected device profile: [Windows]
[2018.10.30-14.22.30:915][  0]LogInit: Computer: NQSC125-MSI-01
[2018.10.30-14.22.30:915][  0]LogInit: User: corona14
[2018.10.30-14.22.30:915][  0]LogInit: CPU Page size=4096, Cores=4
[2018.10.30-14.22.30:915][  0]LogInit: High frequency timer resolution =3.515628 MHz
[2018.10.30-14.22.30:916][  0]LogMemory: Memory total: Physical=31.9GB (32GB approx)
[2018.10.30-14.22.30:916][  0]LogMemory: Platform Memory Stats for Windows
[2018.10.30-14.22.30:916][  0]LogMemory: Process Physical Memory: 275.17 MB used, 275.17 MB peak
[2018.10.30-14.22.30:916][  0]LogMemory: Process Virtual Memory: 271.91 MB used, 271.91 MB peak
[2018.10.30-14.22.30:916][  0]LogMemory: Physical Memory: 5861.88 MB used,  26850.64 MB free, 32712.52 MB total
[2018.10.30-14.22.30:916][  0]LogMemory: Virtual Memory: 4776.51 MB used,  26850.64 MB free, 134217728.00 MB total
[2018.10.30-14.22.31:440][  0]LogInit: Using OS detected language (en-US).
[2018.10.30-14.22.31:440][  0]LogInit: Using OS detected locale (en-US).
[2018.10.30-14.22.31:516][  0]LogTextLocalizationManager: No specific localization for 'en-US' exists, so the 'en' localization will be used.
[2018.10.30-14.22.32:008][  0]LogInit: Setting process to per monitor DPI aware
[2018.10.30-14.22.34:061][  0]LogD3D11RHI: D3D11 adapters:
[2018.10.30-14.22.34:109][  0]LogD3D11RHI:    0. 'NVIDIA GeForce GTX 1070' (Feature Level 11_0)
[2018.10.30-14.22.34:109][  0]LogD3D11RHI:       8096/0/16356 MB DedicatedVideo/DedicatedSystem/SharedSystem, Outputs:1, VendorId:0x10de
[2018.10.30-14.22.34:111][  0]LogD3D11RHI:    1. 'Microsoft Basic Render Driver' (Feature Level 11_0)
[2018.10.30-14.22.34:111][  0]LogD3D11RHI:       0/0/16356 MB DedicatedVideo/DedicatedSystem/SharedSystem, Outputs:0, VendorId:0x1414
[2018.10.30-14.22.34:111][  0]LogD3D11RHI: Chosen D3D11 Adapter: 0
[2018.10.30-14.22.34:116][  0]LogD3D11RHI: Creating new Direct3DDevice
[2018.10.30-14.22.34:117][  0]LogD3D11RHI:     GPU DeviceId: 0x1b81 (for the marketing name, search the web for "GPU Device Id")
[2018.10.30-14.22.34:117][  0]LogWindows: EnumDisplayDevices:
[2018.10.30-14.22.34:117][  0]LogWindows:    0. 'NVIDIA GeForce GTX 1070' (P:1 D:1)
[2018.10.30-14.22.34:117][  0]LogWindows:    1. 'NVIDIA GeForce GTX 1070' (P:0 D:0)
[2018.10.30-14.22.34:117][  0]LogWindows:    2. 'NVIDIA GeForce GTX 1070' (P:0 D:0)
[2018.10.30-14.22.34:117][  0]LogWindows:    3. 'NVIDIA GeForce GTX 1070' (P:0 D:0)
[2018.10.30-14.22.34:117][  0]LogWindows: DebugString: GetVideoDriverDetailsInvalid PrimaryIsNotTheChoosenAdapter GetVideoDriverDetailsInvalid PrimaryIsNotTheChoosenAdapter GetVideoDriverDetailsInvalid PrimaryIsNotTheChoosenAdapter GetVideoDriverDetailsInvalid PrimaryIsNotTheChoosenAdapter FoundDriverCount:0 
[2018.10.30-14.22.34:117][  0]LogD3D11RHI:     Adapter Name: NVIDIA GeForce GTX 1070
[2018.10.30-14.22.34:117][  0]LogD3D11RHI:   Driver Version: Unknown (internal:Unknown, unified:Unknown)
[2018.10.30-14.22.34:117][  0]LogD3D11RHI:      Driver Date: Unknown
[2018.10.30-14.22.34:117][  0]LogRHI: Texture pool is 5667 MB (70% of 8096 MB)
[2018.10.30-14.22.34:150][  0]LogD3D11RHI: Async texture creation enabled
[2018.10.30-14.22.34:382][  0]LogD3D11RHI: GPU Timing Frequency: 1000.000000 (Debug: 2 1)
[2018.10.30-14.22.34:464][  0]LogShaderCompilers: Guid format shader working directory is 10 characters bigger than the processId version (C:/Users/corona14/Documents/GitHub/Fun/Intermediate/Shaders/WorkingDirectory/12416/).
[2018.10.30-14.22.34:464][  0]LogShaderCompilers: Cleaned the shader compiler working directory 'C:/Users/corona14/AppData/Local/Temp/UnrealShaderWorkingDir/4F8254774561377ECC9256B4EFA252C1/'.
[2018.10.30-14.22.34:475][  0]LogShaderCompilers: Display: Using Local Shader Compiler.
[2018.10.30-14.22.37:258][  0]LogTemp: Display: Loaded TP AllDesktopTargetPlatform
[2018.10.30-14.22.37:293][  0]LogTemp: Display: Loaded TP MacClientTargetPlatform
[2018.10.30-14.22.37:328][  0]LogTemp: Display: Loaded TP MacNoEditorTargetPlatform
[2018.10.30-14.22.37:362][  0]LogTemp: Display: Loaded TP MacServerTargetPlatform
[2018.10.30-14.22.37:407][  0]LogTemp: Display: Loaded TP MacTargetPlatform
[2018.10.30-14.22.37:444][  0]LogTemp: Display: Loaded TP WindowsClientTargetPlatform
[2018.10.30-14.22.37:480][  0]LogTemp: Display: Loaded TP WindowsNoEditorTargetPlatform
[2018.10.30-14.22.37:515][  0]LogTemp: Display: Loaded TP WindowsServerTargetPlatform
[2018.10.30-14.22.37:545][  0]LogTemp: Display: Loaded TP WindowsTargetPlatform
[2018.10.30-14.22.37:580][  0]LogTemp: Display: Loaded TP Android_ASTCTargetPlatform
[2018.10.30-14.22.37:615][  0]LogTemp: Display: Loaded TP Android_ATCTargetPlatform
[2018.10.30-14.22.37:651][  0]LogTemp: Display: Loaded TP Android_DXTTargetPlatform
[2018.10.30-14.22.37:685][  0]LogTemp: Display: Loaded TP Android_ETC1TargetPlatform
[2018.10.30-14.22.37:720][  0]LogTemp: Display: Loaded TP Android_ETC2TargetPlatform
[2018.10.30-14.22.37:789][  0]LogTemp: Display: Loaded TP Android_MultiTargetPlatform
[2018.10.30-14.22.37:789][  0]LogTemp: Display: Loaded TP Android_PVRTCTargetPlatform
[2018.10.30-14.22.37:847][  0]LogTemp: Display: Loaded TP AndroidTargetPlatform
[2018.10.30-14.22.37:874][  0]LogTemp: Display: Loaded TP HTML5TargetPlatform
[2018.10.30-14.22.37:981][  0]LogTemp: Display: Loaded TP IOSTargetPlatform
[2018.10.30-14.22.37:999][  0]LogTemp: Display: Loaded TP TVOSTargetPlatform
[2018.10.30-14.22.38:034][  0]LogTemp: Display: Loaded TP LinuxClientTargetPlatform
[2018.10.30-14.22.38:070][  0]LogTemp: Display: Loaded TP LinuxNoEditorTargetPlatform
[2018.10.30-14.22.38:105][  0]LogTemp: Display: Loaded TP LinuxServerTargetPlatform
[2018.10.30-14.22.38:144][  0]LogTemp: Display: Loaded TP LinuxTargetPlatform
[2018.10.30-14.22.38:144][  0]LogTargetPlatformManager: Display: Building Assets For Windows
[2018.10.30-14.22.38:957][  0]LogDerivedDataCache: Display: Max Cache Size: 512 MB
[2018.10.30-14.22.38:957][  0]LogDerivedDataCache: Display: Starting with empty Boot cache
[2018.10.30-14.22.38:957][  0]LogDerivedDataCache: FDerivedDataBackendGraph:  Pak pak cache file C:/Users/corona14/Documents/GitHub/Fun/DerivedDataCache/DDC.ddp not found, will not use a pak cache.
[2018.10.30-14.22.38:957][  0]LogDerivedDataCache: Unable to find inner node Pak for hierarchical cache Hierarchy.
[2018.10.30-14.22.38:957][  0]LogDerivedDataCache: FDerivedDataBackendGraph:  CompressedPak pak cache file C:/Users/corona14/Documents/GitHub/Fun/DerivedDataCache/Compressed.ddp not found, will not use a pak cache.
[2018.10.30-14.22.38:957][  0]LogDerivedDataCache: Unable to find inner node CompressedPak for hierarchical cache Hierarchy.
[2018.10.30-14.22.39:000][  0]LogDerivedDataCache: Display: Pak cache opened for reading ../../../Engine/DerivedDataCache/Compressed.ddp.
[2018.10.30-14.22.39:011][  0]LogDerivedDataCache: Using Local data cache path C:/Users/corona14/AppData/Local/UnrealEngine/Common/DerivedDataCache: Writable
[2018.10.30-14.22.39:075][  0]LogMaterial: Verifying Global Shaders for PCD3D_SM5
[2018.10.30-14.22.39:114][  0]LogSlate: Using Freetype 2.6.0
[2018.10.30-14.22.39:156][  0]LogSlate: SlateFontCache - WITH_FREETYPE: 1, WITH_HARFBUZZ: 1
[2018.10.30-14.22.39:161][  0]LogSlate: SlateFontCache - WITH_FREETYPE: 1, WITH_HARFBUZZ: 1
[2018.10.30-14.22.43:796][  0]LogInit: Selected Device Profile: [Windows]
[2018.10.30-14.22.44:398][  0]LogMaterial: Missing cached shader map for material WorldGridMaterial, compiling. Is special engine material.
[2018.10.30-14.23.13:464][  0]LogMaterial: Missing cached shader map for material DefaultDeferredDecalMaterial, compiling. 
[2018.10.30-14.23.21:398][  0]LogMaterial: Missing cached shader map for material DefaultLightFunctionMaterial, compiling. 
[2018.10.30-14.23.22:691][  0]LogMaterial: Missing cached shader map for material DefaultPostProcessMaterial, compiling. 
[2018.10.30-14.23.23:731][  0]LogMaterial: Missing cached shader map for material MatineeCam_mat, compiling. 
[2018.10.30-14.23.24:216][  0]LogSimplygon: Simplygon DLL not present - disabling.
[2018.10.30-14.23.24:272][  0]LogMeshReduction: Using SimplygonSwarm for distributed automatic mesh merging
[2018.10.30-14.23.24:275][  0]LogMeshReduction: Using QuadricMeshReduction for automatic static mesh reduction
[2018.10.30-14.23.24:276][  0]LogMeshReduction: No automatic skeletal mesh reduction module available
[2018.10.30-14.23.24:276][  0]LogMeshReduction: No automatic mesh merging module available
[2018.10.30-14.23.24:276][  0]LogMeshMerging: No automatic mesh merging module available
[2018.10.30-14.23.24:646][  0]LogNetVersion: Fun , NetCL: 3709383, EngineNetVer: 2, GameNetVer: 0 (Checksum: 89162246)
[2018.10.30-14.23.24:896][  0]LogMaterial: Missing cached shader map for material HelpActorMaterial, compiling. 
[2018.10.30-14.23.25:712][  0]LogMaterial: Missing cached shader map for material DefaultTextMaterialOpaque, compiling. 
[2018.10.30-14.23.26:157][  0]LogAssetRegistry: FAssetRegistry took 0.0456 seconds to start up
[2018.10.30-14.23.26:338][  0]LogMaterial: Missing cached shader map for material Xray, compiling. 
[2018.10.30-14.23.26:419][  0]LogMaterial: Missing cached shader map for material Main, compiling. 
[2018.10.30-14.23.27:456][  0]LogMaterial: Missing cached shader map for material TransformGizmoMaterial, compiling. 
[2018.10.30-14.23.27:479][  0]LogMaterial: Missing cached shader map for material SnapGridMaterial, compiling. 
[2018.10.30-14.23.27:664][  0]LogMaterial: Missing cached shader map for material TranslucentTransformGizmoMaterial, compiling. 
[2018.10.30-14.23.27:976][  0]LogMaterial: Missing cached shader map for material CineMat, compiling. 
[2018.10.30-14.23.28:397][  0]LogMaterial: Missing cached shader map for material M_SimpleOpaque, compiling. 
[2018.10.30-14.23.28:473][  0]LogMaterial: Missing cached shader map for material M_SimpleTranslucent, compiling. 
[2018.10.30-14.23.29:045][  0]LogMaterial: Missing cached shader map for material Widget3DPassThrough, compiling. 
[2018.10.30-14.23.29:061][  0]LogMaterial: Missing cached shader map for material Widget3DPassThrough, compiling. 
[2018.10.30-14.23.29:109][  0]LogMaterial: Missing cached shader map for material Widget3DPassThrough, compiling. 
[2018.10.30-14.23.29:133][  0]LogMaterial: Missing cached shader map for material Widget3DPassThrough, compiling. 
[2018.10.30-14.23.29:154][  0]LogMaterial: Missing cached shader map for material Widget3DPassThrough, compiling. 
[2018.10.30-14.23.29:185][  0]LogMaterial: Missing cached shader map for material Widget3DPassThrough, compiling. 
[2018.10.30-14.23.29:705][  0]LogMaterial: Missing cached shader map for material SkySphereMaterial, compiling. 
[2018.10.30-14.23.29:773][  0]LogMaterial: Missing cached shader map for material FloorPlaneMaterial, compiling. 
[2018.10.30-14.23.30:170][  0]LogMaterial: Missing cached shader map for material LandscapeGizmo_Mat, compiling. 
[2018.10.30-14.23.30:214][  0]LogMaterial: Missing cached shader map for material LandscapeGizmoHeight_Mat, compiling. 
[2018.10.30-14.23.30:314][  0]LogMaterial: Missing cached shader map for material SplineEditorMeshMat, compiling. 
[2018.10.30-14.23.30:401][  0]LogMaterial: Missing cached shader map for material ARKitCameraMaterial, compiling. 
[2018.10.30-14.23.30:514][  0]LogMaterial: Missing cached shader map for material GearVRControllerMaterial, compiling. 
[2018.10.30-14.23.30:595][  0]LogAssetRegistry: Error: Failed to open file for write C:/Users/corona14/Documents/GitHub/Fun/Intermediate/AssetRegistryCache/5a627529.bin
[2018.10.30-14.23.30:621][  0]LogFileManager: Warning: MoveFile was unable to move 'C:/Users/corona14/Documents/GitHub/Fun/Intermediate/AssetRegistryCache/1d5167fa.bin.tmp' to 'C:/Users/corona14/Documents/GitHub/Fun/Intermediate/AssetRegistryCache/1d5167fa.bin', retrying in .5s...
[2018.10.30-14.23.31:121][  0]LogFileManager: Warning: MoveFile was unable to move 'C:/Users/corona14/Documents/GitHub/Fun/Intermediate/AssetRegistryCache/1d5167fa.bin.tmp' to 'C:/Users/corona14/Documents/GitHub/Fun/Intermediate/AssetRegistryCache/1d5167fa.bin', retrying in .5s...
[2018.10.30-14.23.31:622][  0]LogFileManager: Warning: MoveFile was unable to move 'C:/Users/corona14/Documents/GitHub/Fun/Intermediate/AssetRegistryCache/1d5167fa.bin.tmp' to 'C:/Users/corona14/Documents/GitHub/Fun/Intermediate/AssetRegistryCache/1d5167fa.bin', retrying in .5s...
[2018.10.30-14.23.32:123][  0]LogFileManager: Warning: MoveFile was unable to move 'C:/Users/corona14/Documents/GitHub/Fun/Intermediate/AssetRegistryCache/1d5167fa.bin.tmp' to 'C:/Users/corona14/Documents/GitHub/Fun/Intermediate/AssetRegistryCache/1d5167fa.bin', retrying in .5s...
[2018.10.30-14.23.32:623][  0]LogFileManager: Warning: MoveFile was unable to move 'C:/Users/corona14/Documents/GitHub/Fun/Intermediate/AssetRegistryCache/1d5167fa.bin.tmp' to 'C:/Users/corona14/Documents/GitHub/Fun/Intermediate/AssetRegistryCache/1d5167fa.bin', retrying in .5s...
[2018.10.30-14.23.33:124][  0]LogFileManager: Warning: MoveFile was unable to move 'C:/Users/corona14/Documents/GitHub/Fun/Intermediate/AssetRegistryCache/1d5167fa.bin.tmp' to 'C:/Users/corona14/Documents/GitHub/Fun/Intermediate/AssetRegistryCache/1d5167fa.bin', retrying in .5s...
[2018.10.30-14.23.33:624][  0]LogFileManager: Warning: MoveFile was unable to move 'C:/Users/corona14/Documents/GitHub/Fun/Intermediate/AssetRegistryCache/1d5167fa.bin.tmp' to 'C:/Users/corona14/Documents/GitHub/Fun/Intermediate/AssetRegistryCache/1d5167fa.bin', retrying in .5s...
[2018.10.30-14.23.34:125][  0]LogFileManager: Warning: MoveFile was unable to move 'C:/Users/corona14/Documents/GitHub/Fun/Intermediate/AssetRegistryCache/1d5167fa.bin.tmp' to 'C:/Users/corona14/Documents/GitHub/Fun/Intermediate/AssetRegistryCache/1d5167fa.bin', retrying in .5s...
[2018.10.30-14.23.34:626][  0]LogFileManager: Warning: MoveFile was unable to move 'C:/Users/corona14/Documents/GitHub/Fun/Intermediate/AssetRegistryCache/1d5167fa.bin.tmp' to 'C:/Users/corona14/Documents/GitHub/Fun/Intermediate/AssetRegistryCache/1d5167fa.bin', retrying in .5s...
[2018.10.30-14.23.35:126][  0]LogFileManager: Warning: MoveFile was unable to move 'C:/Users/corona14/Documents/GitHub/Fun/Intermediate/AssetRegistryCache/1d5167fa.bin.tmp' to 'C:/Users/corona14/Documents/GitHub/Fun/Intermediate/AssetRegistryCache/1d5167fa.bin', retrying in .5s...
[2018.10.30-14.23.35:627][  0]LogFileManager: Error: Error moving file 'C:/Users/corona14/Documents/GitHub/Fun/Intermediate/AssetRegistryCache/1d5167fa.bin.tmp' to 'C:/Users/corona14/Documents/GitHub/Fun/Intermediate/AssetRegistryCache/1d5167fa.bin'.
[2018.10.30-14.23.35:691][  0]LogPackageLocalizationCache: Processed 7 localized package path(s) for 2 prioritized culture(s) in 5.109350 seconds
[2018.10.30-14.23.35:698][  0]LogUObjectArray: 35870 objects as part of root set at end of initial load.
[2018.10.30-14.23.35:698][  0]LogUObjectAllocator: 7363696 out of 0 bytes used by permanent object pool.
[2018.10.30-14.23.35:698][  0]LogUObjectArray: CloseDisregardForGC: 0/0 objects in disregard for GC pool
[2018.10.30-14.23.35:762][  0]LogInit: WinSock: version 1.1 (2.2), MaxSocks=32767, MaxUdp=65467
[2018.10.30-14.23.39:571][  0]LogMaterial: Missing cached shader map for material GridMaterial, compiling. 
[2018.10.30-14.23.39:588][  0]LogMaterial: Missing cached shader map for material VRTextMaterial, compiling. 
[2018.10.30-14.23.39:640][  0]LogMaterial: Missing cached shader map for material GenericHMDMaterial, compiling. 
[2018.10.30-14.23.39:694][  0]LogMaterial: Missing cached shader map for material TeleportDirectionMaterial, compiling. 
[2018.10.30-14.23.39:732][  0]LogMaterial: Missing cached shader map for material LaserPointerMaterial, compiling. 
[2018.10.30-14.23.39:760][  0]LogMaterial: Missing cached shader map for material LaserPointerMaterial, compiling. 
[2018.10.30-14.23.39:861][  0]LogMaterial: Missing cached shader map for material VivePreControllerMaterial, compiling. 
[2018.10.30-14.23.39:889][  0]LogMaterial: Missing cached shader map for material KeyDiskMaterial, compiling. 
[2018.10.30-14.23.39:921][  0]LogMaterial: Missing cached shader map for material M_ContentWindow, compiling. 
[2018.10.30-14.23.39:981][  0]LogMaterial: Missing cached shader map for material FlattenHeightMat, compiling. 
[2018.10.30-14.23.40:001][  0]LogMaterial: Missing cached shader map for material ArrowMaterial, compiling. 
[2018.10.30-14.23.40:044][  0]LogMaterial: Missing cached shader map for material OculusControllerMaterial, compiling. 
[2018.10.30-14.23.40:074][  0]LogMaterial: Missing cached shader map for material GridPostProcess, compiling. 
[2018.10.30-14.23.40:120][  0]LogMaterial: Missing cached shader map for material LineMaterial, compiling. 
[2018.10.30-14.23.40:160][  0]LogMaterial: Missing cached shader map for material VRTextMaterial, compiling. 
[2018.10.30-14.23.41:889][  0]LogMaterial: Missing cached shader map for material DefaultSpriteMaterial, compiling. 
[2018.10.30-14.23.41:922][  0]LogMaterial: Missing cached shader map for material DefaultSpriteMaterial, compiling. 
[2018.10.30-14.23.42:578][  0]LogTcpMessaging: Initializing TcpMessaging bridge
[2018.10.30-14.23.42:632][  0]LogUdpMessaging: Initializing bridge on interface 0.0.0.0:0 to multicast group 230.0.0.1:6666.
[2018.10.30-14.23.43:105][  0]LogMaterial: Missing cached shader map for material DefaultMaterial, compiling. 
[2018.10.30-14.23.43:950][  0]LogMaterial: Missing cached shader map for material BaseColor, compiling. 
[2018.10.30-14.23.43:963][  0]LogMaterial: Missing cached shader map for material CustomDepth, compiling. 
[2018.10.30-14.23.43:996][  0]LogMaterial: Uniform references updated for custom material expression Custom.
[2018.10.30-14.23.44:008][  0]LogMaterial: Missing cached shader map for material CustomStencil, compiling. 
[2018.10.30-14.23.44:028][  0]LogMaterial: Missing cached shader map for material FinalImage, compiling. 
[2018.10.30-14.23.44:044][  0]LogMaterial: Missing cached shader map for material LightingModel, compiling. 
[2018.10.30-14.23.44:060][  0]LogMaterial: Missing cached shader map for material MaterialAO, compiling. 
[2018.10.30-14.23.44:077][  0]LogMaterial: Missing cached shader map for material Metallic, compiling. 
[2018.10.30-14.23.44:095][  0]LogMaterial: Missing cached shader map for material Opacity, compiling. 
[2018.10.30-14.23.44:110][  0]LogMaterial: Missing cached shader map for material Roughness, compiling. 
[2018.10.30-14.23.44:124][  0]LogMaterial: Missing cached shader map for material SceneColor, compiling. 
[2018.10.30-14.23.44:140][  0]LogMaterial: Missing cached shader map for material SceneDepth, compiling. 
[2018.10.30-14.23.44:157][  0]LogMaterial: Missing cached shader map for material SeparateTranslucencyRGB, compiling. 
[2018.10.30-14.23.44:171][  0]LogMaterial: Missing cached shader map for material SeparateTranslucencyA, compiling. 
[2018.10.30-14.23.44:184][  0]LogMaterial: Missing cached shader map for material Specular, compiling. 
[2018.10.30-14.23.44:201][  0]LogMaterial: Missing cached shader map for material SubsurfaceColor, compiling. 
[2018.10.30-14.23.44:218][  0]LogMaterial: Missing cached shader map for material WorldNormal, compiling. 
[2018.10.30-14.23.44:243][  0]LogMaterial: Missing cached shader map for material AmbientOcclusion, compiling. 
[2018.10.30-14.23.44:271][  0]LogMaterial: Missing cached shader map for material CustomDepthWorldUnits, compiling. 
[2018.10.30-14.23.44:286][  0]LogMaterial: Missing cached shader map for material SceneDepthWorldUnits, compiling. 
[2018.10.30-14.23.44:301][  0]LogMaterial: Missing cached shader map for material PreTonemapHDRColor, compiling. 
[2018.10.30-14.23.44:315][  0]LogMaterial: Missing cached shader map for material PostTonemapHDRColor, compiling. 
[2018.10.30-14.23.44:929][  0]SourceControl: Source control is disabled
[2018.10.30-14.23.44:937][  0]SourceControl: Source control is disabled
[2018.10.30-14.23.45:015][  0]SourceControl: Source control is disabled
[2018.10.30-14.23.45:082][  0]SourceControl: Source control is disabled
[2018.10.30-14.23.45:922][  0]LogMaterial: Missing cached shader map for material DefaultMediaPlaneMaterial, compiling. 
[2018.10.30-14.23.46:358][  0]LogAndroidPermission: UAndroidPermissionCallbackProxy::GetInstance
[2018.10.30-14.23.46:715][  0]LogOcInput: OculusInput pre-init called
[2018.10.30-14.23.47:149][  0]LogMaterial: Missing cached shader map for material HighResScreenshot, compiling. 
[2018.10.30-14.23.47:173][  0]LogMaterial: Missing cached shader map for material HighResScreenshotMask, compiling. 
[2018.10.30-14.23.47:201][  0]LogMaterial: Missing cached shader map for material HighResScreenshotCaptureRegion, compiling. 
[2018.10.30-14.23.47:415][  0]LogEngine: Initializing Engine...
[2018.10.30-14.23.47:448][  0]LogHMD: Failed to initialize OpenVR with code 110
[2018.10.30-14.23.47:453][  0]LogMaterial: Missing cached shader map for material WireframeMaterial, compiling. Is special engine material.
[2018.10.30-14.23.53:246][  0]LogAssetRegistry: Error: Failed to open file for write C:/Users/corona14/Documents/GitHub/Fun/Intermediate/CachedAssetRegistry.bin
[2018.10.30-14.23.53:256][  0]LogMaterial: Missing cached shader map for material LevelColorationLitMaterial, compiling. Is special engine material.
[2018.10.30-14.23.54:079][  0]LogMaterial: Missing cached shader map for material LevelColorationUnlitMaterial, compiling. Is special engine material.
[2018.10.30-14.23.54:365][  0]LogMaterial: Missing cached shader map for material MAT_LevelColorationLitLightmapUV, compiling. Is special engine material.
[2018.10.30-14.23.55:184][  0]LogMaterial: Missing cached shader map for material ShadedLevelColorationLitMaterial, compiling. Is special engine material.
[2018.10.30-14.23.56:013][  0]LogMaterial: Missing cached shader map for material ShadedLevelColorationUnlitMateri, compiling. Is special engine material.
[2018.10.30-14.23.56:261][  0]LogMaterial: Missing cached shader map for material VertexColorMaterial, compiling. 
[2018.10.30-14.23.56:389][  0]LogMaterial: Missing cached shader map for material VertexColorViewMode_ColorOnly, compiling. 
[2018.10.30-14.23.56:421][  0]LogMaterial: Missing cached shader map for material VertexColorViewMode_AlphaAsColor, compiling. 
[2018.10.30-14.23.56:446][  0]LogMaterial: Missing cached shader map for material VertexColorViewMode_RedOnly, compiling. 
[2018.10.30-14.23.56:473][  0]LogMaterial: Missing cached shader map for material VertexColorViewMode_GreenOnly, compiling. 
[2018.10.30-14.23.56:506][  0]LogMaterial: Missing cached shader map for material VertexColorViewMode_BlueOnly, compiling. 
[2018.10.30-14.23.56:533][  0]LogMaterial: Missing cached shader map for material RemoveSurfaceMaterial, compiling. 
[2018.10.30-14.23.56:546][  0]LogMaterial: Missing cached shader map for material DebugMeshMaterial, compiling. 
[2018.10.30-14.23.56:590][  0]LogMaterial: Missing cached shader map for material M_InvalidLightmapSettings, compiling. 
[2018.10.30-14.23.56:647][  0]LogMaterial: Missing cached shader map for material GizmoMaterial, compiling. 
[2018.10.30-14.23.56:675][  0]LogMaterial: Missing cached shader map for material PhAT_JointLimitMaterial, compiling. 
[2018.10.30-14.23.56:708][  0]LogMaterial: Missing cached shader map for material GeomMaterial, compiling. 
[2018.10.30-14.23.56:732][  0]LogMaterial: Missing cached shader map for material EditorBrushMaterial, compiling. 
[2018.10.30-14.23.56:759][  0]LogMaterial: Missing cached shader map for material BoneWeightMaterial, compiling. 
[2018.10.30-14.23.56:920][  0]LogMaterial: Missing cached shader map for material ClothMaterial, compiling. 
[2018.10.30-14.23.56:943][  0]LogMaterial: Missing cached shader map for material ClothMaterial_WF, compiling. 
[2018.10.30-14.23.56:975][  0]LogMaterial: Missing cached shader map for material DebugEditorMaterial, compiling. 
[2018.10.30-14.23.57:005][  0]LogMaterial: Missing cached shader map for material PreviewShadowIndicatorMaterial, compiling. 
[2018.10.30-14.23.57:331][  0]LogStats: UGameplayTagsManager::ConstructGameplayTagTree: Construct from data asset -  0.000 s
[2018.10.30-14.23.57:331][  0]LogStats: UGameplayTagsManager::ConstructGameplayTagTree: GameplayTagTreeChangedEvent.Broadcast -  0.000 s
[2018.10.30-14.23.57:691][  0]LogAIModule: Creating AISystem for world Untitled
[2018.10.30-14.23.57:788][  0]LogInit: XAudio2 using 'Speakers (USB Audio DAC   )' : 2 channels at 48 kHz using 16 bits per sample (channel mask 0x3)
[2018.10.30-14.23.57:817][  0]LogInit: FAudioDevice initialized.
[2018.10.30-14.23.57:824][  0]LogDerivedDataCache: Error: Could not save memory cache C:/Users/corona14/AppData/Local/UnrealEngine/4.18/DerivedDataCache/Boot.ddc.
[2018.10.30-14.23.57:830][  0]LogInit: Texture streaming: Enabled
[2018.10.30-14.23.57:962][  0]LogEngineSessionManager: EngineSessionManager initialized
[2018.10.30-14.23.58:294][  0]LogInit: Transaction tracking system initialized
[2018.10.30-14.23.59:070][  0]BlueprintLog: New page: Editor Load
[2018.10.30-14.24.01:461][  0]LocalizationService: Localization service is disabled
[2018.10.30-14.24.03:025][  0]LogConsoleResponse: Display: 
[2018.10.30-14.24.03:523][  0]LogMaterial: Missing cached shader map for material Cross_Mat, compiling. 
[2018.10.30-14.24.03:551][  0]LogMaterial: Missing cached shader map for material PhAT_BoneSelectedMaterial, compiling. 
[2018.10.30-14.24.03:574][  0]LogMaterial: Missing cached shader map for material PhAT_ElemSelectedMaterial, compiling. 
[2018.10.30-14.24.03:596][  0]LogMaterial: Missing cached shader map for material PhAT_NoCollisionMaterial, compiling. 
[2018.10.30-14.24.03:617][  0]LogMaterial: Missing cached shader map for material PhAT_UnselectedMaterial, compiling. 
[2018.10.30-14.24.03:656][  0]LogMaterial: Missing cached shader map for material Tick_Mat, compiling. 
[2018.10.30-14.24.03:691][  0]LogMaterial: Missing cached shader map for material WidgetGridVertexColorMaterial_Ma, compiling. 
[2018.10.30-14.24.03:718][  0]LogMaterial: Missing cached shader map for material WidgetMaterial, compiling. 
[2018.10.30-14.24.03:750][  0]LogMaterial: Missing cached shader map for material WidgetMaterial_Current, compiling. 
[2018.10.30-14.24.03:770][  0]LogMaterial: Missing cached shader map for material WidgetMaterial_X, compiling. 
[2018.10.30-14.24.03:791][  0]LogMaterial: Missing cached shader map for material WidgetMaterial_Y, compiling. 
[2018.10.30-14.24.03:809][  0]LogMaterial: Missing cached shader map for material WidgetMaterial_Z, compiling. 
[2018.10.30-14.24.03:828][  0]LogMaterial: Missing cached shader map for material WidgetVertexColorMaterial, compiling. 
[2018.10.30-14.24.03:896][  0]LogMaterial: Missing cached shader map for material LevelGridMaterial, compiling. 
[2018.10.30-14.24.03:986][  0]LogMaterial: Missing cached shader map for material BlinkingCaret, compiling. 
[2018.10.30-14.24.04:237][  0]LogMaterial: Missing cached shader map for material M_StreamingPause, compiling. 
[2018.10.30-14.24.04:332][  0]LogFileCache: Scanning file cache for directory 'C:/Users/corona14/Documents/GitHub/Fun/Content/' took 0.02s
[2018.10.30-14.24.04:332][  0]LogCook: Display: Max memory allowance for cook 16384mb min free memory 0mb
[2018.10.30-14.24.04:332][  0]LogCook: Display: Mobile HDR setting 1
[2018.10.30-14.24.04:357][  0]LogGameplayTags: Display: UGameplayTagsManager::DoneAddingNativeTags. DelegateIsBound: 0
[2018.10.30-14.24.07:247][  0]SourceControl: Source control is disabled
[2018.10.30-14.24.07:276][  0]Cmd: MAP LOAD FILE="C:/Users/corona14/Documents/GitHub/Fun/Content/FirstPersonBP/Maps/FirstPersonExampleMap.umap" TEMPLATE=0 SHOWPROGRESS=1 FEATURELEVEL=3
[2018.10.30-14.24.07:288][  0]LightingResults: New page: Lighting Build
[2018.10.30-14.24.07:615][  0]MapCheck: New page: Map Check
[2018.10.30-14.24.07:615][  0]LightingResults: New page: Lighting Build
[2018.10.30-14.24.09:153][  0]LogAnimationCompression: Building Anim DDC data for AnimSequence /Game/Geometry/Meshes/JackOBox_Anim.JackOBox_Anim
[2018.10.30-14.24.09:348][  0]LogTexture: Display: Building textures: PaCarrot (AutoDXT, 128X512)
[2018.10.30-14.24.09:348][  0]LogTexture: Display: Building textures: smoke (AutoDXT, 512X512)
[2018.10.30-14.24.09:348][  0]LogTexture: Display: Building textures: HQ_Lightmap0_1 (AutoDXT, 2048X2048)
[2018.10.30-14.24.09:348][  0]LogTexture: Display: Building textures: HQ_Lightmap0_3 (AutoDXT, 2048X2048)
[2018.10.30-14.24.09:348][  0]LogTexture: Display: Building textures: HQ_Lightmap0_4 (AutoDXT, 2048X2048)
[2018.10.30-14.24.09:348][  0]LogAnimationCompression: Recompressing (AnimSequence /Game/Geometry/Meshes/JackOBox_Anim.JackOBox_Anim) using current/default (AnimCompress_BitwiseCompressOnly_0) bFirstRecompressUsingCurrentOrDefault(1) bTryAlternateCompressor(0) IsCompressedDataValid(0)
[2018.10.30-14.24.12:898][  0]LogTexture: Display: Building textures: HQ_Lightmap0_2 (AutoDXT, 2048X2048)
[2018.10.30-14.24.12:898][  0]LogTexture: Display: Building textures: LQ_Lightmap_0_2 (DXT1, 2048X2048)
[2018.10.30-14.24.12:898][  0]LogTexture: Display: Building textures: LQ_Lightmap_0_1 (DXT1, 2048X2048)
[2018.10.30-14.24.12:898][  0]LogTexture: Display: Building textures: LQ_Lightmap_0_3 (DXT1, 2048X2048)
[2018.10.30-14.24.12:898][  0]LogTexture: Display: Building textures: LQ_Lightmap_0_5 (DXT1, 64X64)
[2018.10.30-14.24.12:898][  0]LogTexture: Display: Building textures: LQ_Lightmap_0_4 (DXT1, 2048X2048)
[2018.10.30-14.24.12:898][  0]LogTexture: Display: Building textures: SkyOcclusion0_1 (AutoDXT, 2048X1024)
[2018.10.30-14.24.12:898][  0]LogTexture: Display: Building textures: SkyOcclusion0_2 (AutoDXT, 2048X1024)
[2018.10.30-14.24.12:898][  0]LogTexture: Display: Building textures: SkyOcclusion0_3 (AutoDXT, 2048X1024)
[2018.10.30-14.24.12:898][  0]LogDerivedDataCache: FFileSystemDerivedDataBackend: Move collision, attempt at redundant update, OK C:/Users/corona14/AppData/Local/UnrealEngine/Common/DerivedDataCache/4/6/9/TEXTURE_814DCC3DC72143F49509781513CB9855_DXT1_8256B992476BD5DDCF84ABAD4A578340__7FC720F3F65F99EBF6BEBBC07B03018DAED00BEE.udd.
[2018.10.30-14.24.12:898][  0]LogTexture: Display: Building textures: SkyOcclusion0_4 (AutoDXT, 2048X1024)
[2018.10.30-14.24.12:898][  0]LogTexture: Display: Building textures: SkyOcclusion0_5 (AutoDXT, 64X32)
[2018.10.30-14.24.12:898][  0]LogTexture: Display: Building textures: ShadowMapTexture2D_0 (G8, 2048X1024)
[2018.10.30-14.24.12:898][  0]LogTexture: Display: Building textures: ShadowMapTexture2D_1 (G8, 2048X1024)
[2018.10.30-14.24.13:335][  0]LogTexture: Display: Building textures: ShadowMapTexture2D_2 (G8, 2048X1024)
[2018.10.30-14.24.13:335][  0]LogTexture: Display: Building textures: ShadowMapTexture2D_3 (G8, 2048X1024)
[2018.10.30-14.24.13:335][  0]LogTexture: Display: Building textures: ShadowMapTexture2D_4 (G8, 2048X1024)
[2018.10.30-14.24.13:335][  0]LogTexture: Display: Building textures: ShadowMapTexture2D_5 (G8, 2048X1024)
[2018.10.30-14.24.13:335][  0]LogTexture: Display: Building textures: ShadowMapTexture2D_6 (G8, 2048X1024)
[2018.10.30-14.24.13:335][  0]LogTexture: Display: Building textures: ShadowMapTexture2D_7 (G8, 64X32)
[2018.10.30-14.24.13:335][  0]LogMaterial: Missing cached shader map for material M_Sky_Panning_Clouds2, compiling. 
[2018.10.30-14.24.13:427][  0]LogDerivedDataCache: FFileSystemDerivedDataBackend: Move collision, attempt at redundant update, OK C:/Users/corona14/AppData/Local/UnrealEngine/Common/DerivedDataCache/3/5/0/TEXTURE_814DCC3DC72143F49509781513CB9855_DXT1_8256B992476BD5DDCF84ABAD4A578340__295BCA6E4C31FE6D331FB7F14CA843CE01A318F0.udd.
[2018.10.30-14.24.13:427][  0]LogMaterial: Missing cached shader map for material smoke_Mat, compiling. 
[2018.10.30-14.24.13:792][  0]LogMaterial: Missing cached shader map for material M_FPGun, compiling. 
[2018.10.30-14.24.13:966][  0]LogMaterial: Missing cached shader map for material M_UE4Man_Body, compiling. 
[2018.10.30-14.24.14:143][  0]LogDerivedDataCache: FFileSystemDerivedDataBackend: Move collision, attempt at redundant update, OK C:/Users/corona14/AppData/Local/UnrealEngine/Common/DerivedDataCache/8/5/5/TEXTURE_814DCC3DC72143F49509781513CB9855_AUTODXT_52666C37483DF8D5CF809BA63509F__814E634CE045F82FA530A1C923096B9A9B15F3FD.udd.
[2018.10.30-14.24.14:143][  0]LogMaterial: Missing cached shader map for material BaseMaterial, compiling. 
[2018.10.30-14.24.14:272][  0]LogMaterial: Missing cached shader map for material BasicAsset01, compiling. 
[2018.10.30-14.24.14:377][  0]LogDerivedDataCache: FFileSystemDerivedDataBackend: Move collision, attempt at redundant update, OK C:/Users/corona14/AppData/Local/UnrealEngine/Common/DerivedDataCache/5/7/0/TEXTURE_814DCC3DC72143F49509781513CB9855_G8_C1A7C9B54B000926B7C11B88AF64B9B4_0__94DE7798CC3CE5C64341BA65F525DA48474C839A.udd.
[2018.10.30-14.24.14:377][  0]LogMaterial: Missing cached shader map for material CubeMaterial, compiling. 
[2018.10.30-14.24.14:425][  0]LogDerivedDataCache: FFileSystemDerivedDataBackend: Move collision, attempt at redundant update, OK C:/Users/corona14/AppData/Local/UnrealEngine/Common/DerivedDataCache/1/8/9/TEXTURE_814DCC3DC72143F49509781513CB9855_G8_087813D145007A4BB8EF17A73864B61F_0__E43AC03D0D3A683F7AE1B7FCD565F9CFCD08493E.udd.
[2018.10.30-14.24.14:425][  0]LogDerivedDataCache: FFileSystemDerivedDataBackend: Move collision, attempt at redundant update, OK C:/Users/corona14/AppData/Local/UnrealEngine/Common/DerivedDataCache/2/4/6/TEXTURE_814DCC3DC72143F49509781513CB9855_G8_087813D145007A4BB8EF17A73864B61F_0__5FF2CF180CC6F6BF9E557E17B519990F589C8322.udd.
[2018.10.30-14.24.14:425][  0]LogAudioDerivedData: Display: Building compressed audio format OGG wave PopGoesWeasel_02...
[2018.10.30-14.24.14:922][  0]LogDerivedDataCache: FFileSystemDerivedDataBackend: Move collision, attempt at redundant update, OK C:/Users/corona14/AppData/Local/UnrealEngine/Common/DerivedDataCache/1/6/9/TEXTURE_814DCC3DC72143F49509781513CB9855_G8_087813D145007A4BB8EF17A73864B61F_0__23A5B362859A5CE57844E6250530CC88117F84B4.udd.
[2018.10.30-14.24.14:922][  0]LogDerivedDataCache: FFileSystemDerivedDataBackend: Move collision, attempt at redundant update, OK C:/Users/corona14/AppData/Local/UnrealEngine/Common/DerivedDataCache/1/6/6/TEXTURE_814DCC3DC72143F49509781513CB9855_G8_0F9BC6F54A7D85DFCE41ABBEB65C0DF6_0__44E64E86A8009EA04509FBA8171FE1B56D309738.udd.
[2018.10.30-14.24.14:922][  0]LogDerivedDataCache: FFileSystemDerivedDataBackend: Move collision, attempt at redundant update, OK C:/Users/corona14/AppData/Local/UnrealEngine/Common/DerivedDataCache/3/1/0/TEXTURE_814DCC3DC72143F49509781513CB9855_G8_4CCA06F74D1E970DFB03B48A4E583F61_0__E3DB75CC33FA2FC5D86A3FD6DFB2D55DFD6B5905.udd.
[2018.10.30-14.24.14:922][  0]LogDerivedDataCache: FFileSystemDerivedDataBackend: Move collision, attempt at redundant update, OK C:/Users/corona14/AppData/Local/UnrealEngine/Common/DerivedDataCache/8/1/7/TEXTURE_814DCC3DC72143F49509781513CB9855_G8_4CCA06F74D1E970DFB03B48A4E583F61_0__AA167A0171044817B853E339E641FBC15C3B4B66.udd.
[2018.10.30-14.24.14:922][  0]LogDerivedDataCache: FFileSystemDerivedDataBackend: Move collision, attempt at redundant update, OK C:/Users/corona14/AppData/Local/UnrealEngine/Common/DerivedDataCache/9/3/9/TEXTURE_814DCC3DC72143F49509781513CB9855_G8_4CCA06F74D1E970DFB03B48A4E583F61_0__56ACDBE987AD39C8BF255F805AFC31B822141474.udd.
[2018.10.30-14.24.14:922][  0]LogDerivedDataCache: FFileSystemDerivedDataBackend: Move collision, attempt at redundant update, OK C:/Users/corona14/AppData/Local/UnrealEngine/Common/DerivedDataCache/7/0/5/TEXTURE_814DCC3DC72143F49509781513CB9855_G8_DE0D9E10433FBEA33818BBA98B703CD4_0__F4658F85C2DE6B8A0A781685BF19237DD7D84EE7.udd.
[2018.10.30-14.24.14:922][  0]LogDerivedDataCache: FFileSystemDerivedDataBackend: Move collision, attempt at redundant update, OK C:/Users/corona14/AppData/Local/UnrealEngine/Common/DerivedDataCache/2/6/4/TEXTURE_814DCC3DC72143F49509781513CB9855_G8_DE0D9E10433FBEA33818BBA98B703CD4_0__1BDB85181C74D21674FEB5D0536ED3035C9D91B1.udd.
[2018.10.30-14.24.14:922][  0]LogDerivedDataCache: FFileSystemDerivedDataBackend: Move collision, attempt at redundant update, OK C:/Users/corona14/AppData/Local/UnrealEngine/Common/DerivedDataCache/6/2/9/TEXTURE_814DCC3DC72143F49509781513CB9855_G8_DE0D9E10433FBEA33818BBA98B703CD4_0__D0582FDDCA2152B8987F3B17CF12E91A9ED359D5.udd.
[2018.10.30-14.24.14:922][  0]LogDerivedDataCache: FFileSystemDerivedDataBackend: Move collision, attempt at redundant update, OK C:/Users/corona14/AppData/Local/UnrealEngine/Common/DerivedDataCache/1/0/4/TEXTURE_814DCC3DC72143F49509781513CB9855_AUTODXT_8801E9444A07AE85AE5C30897E256__1D3F579299FCFE295B700B38D297E96A09EDC272.udd.
[2018.10.30-14.24.14:922][  0]LogMaterial: Missing cached shader map for material PaCarrot_Mat, compiling. 
[2018.10.30-14.24.14:984][  0]LogMaterial: Missing cached shader map for material AntiAliasedTextMaterialTranslucent, compiling. 
[2018.10.30-14.24.15:029][  0]LogMaterial: Missing cached shader map for material BasicShapeMaterial, compiling. 
[2018.10.30-14.24.15:125][  0]LogAIModule: Creating AISystem for world FirstPersonExampleMap
[2018.10.30-14.24.16:246][  0]LogEditorServer: Finished looking for orphan Actors (0.000 secs)
[2018.10.30-14.24.16:466][  0]Cmd: MAP CHECKDEP NOCLEARLOG
[2018.10.30-14.24.16:567][  0]MapCheck: Map check complete: 0 Error(s), 0 Warning(s), took 99.408ms to complete.
[2018.10.30-14.24.16:567][  0]LogFileHelpers: Loading map 'FirstPersonExampleMap' took 9.309
[2018.10.30-14.24.18:701][  0]LogCollectionManager: Loaded 0 collections in 0.013909 seconds
[2018.10.30-14.24.19:477][  0]LogFileCache: Scanning file cache for directory 'C:/Users/corona14/Documents/GitHub/Fun/Saved/Collections/' took 0.01s
[2018.10.30-14.24.19:477][  0]LogFileCache: Scanning file cache for directory 'C:/Users/corona14/Documents/GitHub/Fun/Content/Developers/corona14/Collections/' took 0.01s
[2018.10.30-14.24.19:477][  0]LogFileCache: Scanning file cache for directory 'C:/Users/corona14/Documents/GitHub/Fun/Content/Collections/' took 0.01s
[2018.10.30-14.24.19:477][  0]LogCollectionManager: Rebuilt the GUID cache for 0 collections in 0.000000 seconds
[2018.10.30-14.24.19:571][  0]LogContentBrowser: Native class hierarchy populated in 0.0403 seconds. Added 2363 classes and 519 folders.
[2018.10.30-14.24.19:762][  0]LogContentBrowser: Native class hierarchy updated for 'WidgetCarousel' in 0.0003 seconds. Added 0 classes and 0 folders.
[2018.10.30-14.24.21:281][  0]LogContentBrowser: Native class hierarchy updated for 'AddContentDialog' in 0.0003 seconds. Added 0 classes and 0 folders.
[2018.10.30-14.24.21:388][  0]LogContentBrowser: Native class hierarchy updated for 'SceneOutliner' in 0.0003 seconds. Added 1 classes and 2 folders.
[2018.10.30-14.24.22:448][  0]LogSlate: Took 0.015456 seconds to synchronously load lazily loaded font '../../../Engine/Content/Slate/Fonts/Roboto-Regular.ttf' (155K)
[2018.10.30-14.24.22:474][  0]LogSlate: Took 0.014673 seconds to synchronously load lazily loaded font '../../../Engine/Content/Slate/Fonts/Roboto-Bold.ttf' (160K)
[2018.10.30-14.24.22:518][  0]LogSlate: Took 0.013200 seconds to synchronously load lazily loaded font '../../../Engine/Content/Editor/Slate/Fonts/FontAwesome.ttf' (139K)
[2018.10.30-14.24.22:862][  0]LogMaterial: Missing cached shader map for material LevelGridMaterial2, compiling. 
[2018.10.30-14.24.23:047][  0]LogRenderer: Reallocating scene render targets to support 1056x556 Format 10 NumSamples 1 (Frame:1).
[2018.10.30-14.25.10:723][  0]LogContentBrowser: Native class hierarchy updated for 'HierarchicalLODOutliner' in 0.0003 seconds. Added 1 classes and 2 folders.
[2018.10.30-14.25.10:723][  0]LogLoad: (Engine Initialization) Total time: 168.36 seconds
[2018.10.30-14.25.10:723][  0]LogLoad: (Engine Initialization) Total Blueprint compile time: 0.00 seconds
[2018.10.30-14.25.10:723][  0]LogExternalProfiler: No external profilers were discovered.  External profiling features will not be available.
[2018.10.30-14.25.11:191][  0]LogContentStreaming: Texture pool size now 1000 MB
[2018.10.30-14.25.11:361][  0]LogSlate: Took 0.028010 seconds to synchronously load lazily loaded font '../../../Engine/Content/Slate/Fonts/Roboto-Light.ttf' (159K)
[2018.10.30-14.25.16:397][  2]LogSynthBenchmark: Display: FSynthBenchmark (V0.95):  requested WorkScale=5.00
[2018.10.30-14.25.16:397][  2]LogSynthBenchmark: Display: ===============
[2018.10.30-14.25.16:397][  2]LogSynthBenchmark: Display: Main Processor:
[2018.10.30-14.25.16:669][  2]LogSynthBenchmark: Display:          ... 0.030385 s/Run 'RayIntersect'
[2018.10.30-14.25.16:669][  2]LogSynthBenchmark: Display:          ... 0.023811 s/Run 'Fractal'
[2018.10.30-14.25.16:669][  2]LogSynthBenchmark: Display: 
[2018.10.30-14.25.16:669][  2]LogSynthBenchmark: Display:   CompiledTarget_x_Bits: 64
[2018.10.30-14.25.16:669][  2]LogSynthBenchmark: Display:   UE_BUILD_SHIPPING: 0
[2018.10.30-14.25.16:669][  2]LogSynthBenchmark: Display:   UE_BUILD_TEST: 0
[2018.10.30-14.25.16:669][  2]LogSynthBenchmark: Display:   UE_BUILD_DEBUG: 0
[2018.10.30-14.25.16:669][  2]LogSynthBenchmark: Display:   TotalPhysicalGBRam: 32
[2018.10.30-14.25.16:669][  2]LogSynthBenchmark: Display:   NumberOfCores (physical): 4
[2018.10.30-14.25.16:669][  2]LogSynthBenchmark: Display:   NumberOfCores (logical): 8
[2018.10.30-14.25.16:669][  2]LogSynthBenchmark: Display:   CPU Perf Index 0: 84.3 (weight 1.00)
[2018.10.30-14.25.16:670][  2]LogSynthBenchmark: Display:   CPU Perf Index 1: 120.1 (weight 1.50)
[2018.10.30-14.25.16:670][  2]LogSynthBenchmark: Display:  
[2018.10.30-14.25.16:670][  2]LogSynthBenchmark: Display: Graphics:
[2018.10.30-14.25.16:670][  2]LogSynthBenchmark: Display:   Adapter Name: 'NVIDIA GeForce GTX 1070'
[2018.10.30-14.25.16:670][  2]LogSynthBenchmark: Display:   (On Optimus the name might be wrong, memory should be ok)
[2018.10.30-14.25.16:670][  2]LogSynthBenchmark: Display:   Vendor Id: 0x10DE
[2018.10.30-14.25.16:670][  2]LogSynthBenchmark: Display:   Device Id: 0x1B81
[2018.10.30-14.25.16:670][  2]LogSynthBenchmark: Display:   Device Revision: 0xA1
[2018.10.30-14.25.16:670][  2]LogSynthBenchmark: Display:   GPU Memory: 8096/0/16357 MB
[2018.10.30-14.25.22:335][  2]LogSynthBenchmark: Display:   GPU first test: 0.01s
[2018.10.30-14.25.22:336][  2]LogSynthBenchmark: Display:          ... 5.798 s/GigaPix, Confidence=100% 'ALUHeavyNoise' (likely to be very inaccurate)
[2018.10.30-14.25.22:336][  2]LogSynthBenchmark: Display:          ... 5.007 s/GigaPix, Confidence=100% 'TexHeavy' (likely to be very inaccurate)
[2018.10.30-14.25.22:336][  2]LogSynthBenchmark: Display:          ... 3.980 s/GigaPix, Confidence=89% 'DepTexHeavy' (likely to be very inaccurate)
[2018.10.30-14.25.22:336][  2]LogSynthBenchmark: Display:          ... 17.583 s/GigaPix, Confidence=100% 'FillOnly' (likely to be very inaccurate)
[2018.10.30-14.25.22:336][  2]LogSynthBenchmark: Display:          ... 0.727 s/GigaPix, Confidence=100% 'Bandwidth' (likely to be very inaccurate)
[2018.10.30-14.25.22:336][  2]LogSynthBenchmark: Display:          ... 37.383 s/GigaVert, Confidence=19% 'VertThroughPut1' (likely to be very inaccurate)
[2018.10.30-14.25.22:336][  2]LogSynthBenchmark: Display:          ... 4.141 s/GigaVert, Confidence=100% 'VertThroughPut2' (likely to be very inaccurate)
[2018.10.30-14.25.22:498][  2]LogSynthBenchmark: Display:   GPU second test: 0.12s
[2018.10.30-14.25.22:498][  2]LogSynthBenchmark: Display:          ... 7.771 s/GigaPix, Confidence=100% 'ALUHeavyNoise' (likely to be inaccurate)
[2018.10.30-14.25.22:499][  2]LogSynthBenchmark: Display:          ... 6.268 s/GigaPix, Confidence=100% 'TexHeavy' (likely to be inaccurate)
[2018.10.30-14.25.22:499][  2]LogSynthBenchmark: Display:          ... 5.710 s/GigaPix, Confidence=89% 'DepTexHeavy' (likely to be inaccurate)
[2018.10.30-14.25.22:499][  2]LogSynthBenchmark: Display:          ... 34.657 s/GigaPix, Confidence=100% 'FillOnly' (likely to be inaccurate)
[2018.10.30-14.25.22:499][  2]LogSynthBenchmark: Display:          ... 0.774 s/GigaPix, Confidence=100% 'Bandwidth' (likely to be inaccurate)
[2018.10.30-14.25.22:499][  2]LogSynthBenchmark: Display:          ... 5.738 s/GigaVert, Confidence=100% 'VertThroughPut1' (likely to be inaccurate)
[2018.10.30-14.25.22:499][  2]LogSynthBenchmark: Display:          ... 3.201 s/GigaVert, Confidence=100% 'VertThroughPut2' (likely to be inaccurate)
[2018.10.30-14.25.22:499][  2]LogSynthBenchmark: Display:   GPU Final Results:
[2018.10.30-14.25.22:499][  2]LogSynthBenchmark: Display:          ... 7.771 s/GigaPix, Confidence=100% 'ALUHeavyNoise'
[2018.10.30-14.25.22:499][  2]LogSynthBenchmark: Display:          ... 6.268 s/GigaPix, Confidence=100% 'TexHeavy'
[2018.10.30-14.25.22:499][  2]LogSynthBenchmark: Display:          ... 5.710 s/GigaPix, Confidence=89% 'DepTexHeavy'
[2018.10.30-14.25.22:499][  2]LogSynthBenchmark: Display:          ... 34.657 s/GigaPix, Confidence=100% 'FillOnly'
[2018.10.30-14.25.22:500][  2]LogSynthBenchmark: Display:          ... 0.774 s/GigaPix, Confidence=100% 'Bandwidth'
[2018.10.30-14.25.22:500][  2]LogSynthBenchmark: Display:          ... 5.738 s/GigaVert, Confidence=100% 'VertThroughPut1'
[2018.10.30-14.25.22:500][  2]LogSynthBenchmark: Display:          ... 3.201 s/GigaVert, Confidence=100% 'VertThroughPut2'
[2018.10.30-14.25.22:500][  2]LogSynthBenchmark: Display: 
[2018.10.30-14.25.22:500][  2]LogSynthBenchmark: Display:   GPU Perf Index 0: 168.9 (weight 1.00)
[2018.10.30-14.25.22:500][  2]LogSynthBenchmark: Display:   GPU Perf Index 1: 84.2 (weight 0.10)
[2018.10.30-14.25.22:500][  2]LogSynthBenchmark: Display:   GPU Perf Index 2: 148.4 (weight 0.10)
[2018.10.30-14.25.22:500][  2]LogSynthBenchmark: Display:   GPU Perf Index 3: 136.1 (weight 3.00)
[2018.10.30-14.25.22:500][  2]LogSynthBenchmark: Display:   GPU Perf Index 4: 72.2 (weight 1.00)
[2018.10.30-14.25.22:500][  2]LogSynthBenchmark: Display:   GPU Perf Index 5: 373.3 (weight 0.00)
[2018.10.30-14.25.22:500][  2]LogSynthBenchmark: Display:   GPU Perf Index 6: 181.2 (weight 0.00)
[2018.10.30-14.25.22:500][  2]LogSynthBenchmark: Display:   CPUIndex: 105.8
[2018.10.30-14.25.22:500][  2]LogSynthBenchmark: Display:   GPUIndex: 129.4
[2018.10.30-14.25.22:500][  2]LogSynthBenchmark: Display: 
[2018.10.30-14.25.22:500][  2]LogSynthBenchmark: Display:          ... Total Time: 6.102412 sec
[2018.10.30-14.25.22:531][  2]LogAssetRegistry: Asset discovery search completed in 116.4002 seconds
[2018.10.30-14.25.22:533][  2]LogCollectionManager: Rebuilt the object cache for 0 collections in 0.000001 seconds (found 0 objects)
[2018.10.30-14.25.22:533][  2]LogCollectionManager: Fixed up redirectors for 0 collections in 0.000065 seconds (updated 0 objects)
[2018.10.30-14.25.22:894][  3]LogSlate: Took 0.000264 seconds to synchronously load lazily loaded font '../../../Engine/Content/Slate/Fonts/Roboto-Light.ttf' (159K)
[2018.10.30-14.47.35:452][879]Cmd: QUIT_EDITOR
[2018.10.30-14.47.35:527][879]LogWindowsTextInputMethodSystem: Display: IME system now deactivated.
[2018.10.30-14.47.35:540][879]LogExit: Preparing to exit.
[2018.10.30-14.47.36:317][879]LogExit: Editor shut down
[2018.10.30-14.47.36:321][879]LogExit: Transaction tracking system shut down
[2018.10.30-14.47.36:475][879]LogDirectoryWatcher: A directory notification for '../../../Engine/Content/' was aborted.
[2018.10.30-14.47.36:475][879]LogDirectoryWatcher: A directory notification for 'C:/Users/corona14/Documents/GitHub/Fun/Content/' was aborted.
[2018.10.30-14.47.36:475][879]LogDirectoryWatcher: A directory notification for '../../../Engine/Plugins/2D/Paper2D/Content/' was aborted.
[2018.10.30-14.47.36:475][879]LogDirectoryWatcher: A directory notification for '../../../Engine/Plugins/Media/MediaCompositing/Content/' was aborted.
[2018.10.30-14.47.36:475][879]LogDirectoryWatcher: A directory notification for '../../../Engine/Plugins/Runtime/AppleARKit/Content/' was aborted.
[2018.10.30-14.47.36:475][879]LogDirectoryWatcher: A directory notification for '../../../Engine/Plugins/Runtime/Oculus/OculusVR/Content/' was aborted.
[2018.10.30-14.47.36:475][879]LogDirectoryWatcher: A directory notification for '../../../Engine/Plugins/Runtime/Steam/SteamVR/Content/' was aborted.
[2018.10.30-14.47.36:647][879]LogExit: Object subsystem successfully closed.
[2018.10.30-14.47.36:698][879]LogD3D11RHI: Shutdown
[2018.10.30-14.47.36:698][879]LogD3D11RHI: CleanupD3DDevice
[2018.10.30-14.47.36:699][879]LogD3D11RHI: ~FD3D11DynamicRHI
[2018.10.30-14.47.36:813][879]LogModuleManager: Shutting down and abandoning module SynthBenchmark (550)
[2018.10.30-14.47.36:813][879]LogModuleManager: Shutting down and abandoning module HierarchicalLODOutliner (548)
[2018.10.30-14.47.36:813][879]LogModuleManager: Shutting down and abandoning module SceneOutliner (546)
[2018.10.30-14.47.36:813][879]LogModuleManager: Shutting down and abandoning module AddContentDialog (544)
[2018.10.30-14.47.36:820][879]LogDirectoryWatcher: A directory notification for 'D:/Program Files/UE_4.18/FeaturePacks/' was aborted.
[2018.10.30-14.47.36:821][879]LogModuleManager: Shutting down and abandoning module WidgetCarousel (543)
[2018.10.30-14.47.36:821][879]LogModuleManager: Shutting down and abandoning module EditorWidgets (540)
[2018.10.30-14.47.36:821][879]LogModuleManager: Shutting down and abandoning module CollectionManager (538)
[2018.10.30-14.47.36:821][879]LogDirectoryWatcher: A directory notification for 'C:/Users/corona14/Documents/GitHub/Fun/Content/Collections/' was aborted.
[2018.10.30-14.47.36:821][879]LogDirectoryWatcher: A directory notification for 'C:/Users/corona14/Documents/GitHub/Fun/Content/Developers/corona14/Collections/' was aborted.
[2018.10.30-14.47.36:821][879]LogDirectoryWatcher: A directory notification for 'C:/Users/corona14/Documents/GitHub/Fun/Saved/Collections/' was aborted.
[2018.10.30-14.47.36:822][879]LogModuleManager: Shutting down and abandoning module StatsViewer (536)
[2018.10.30-14.47.36:822][879]LogModuleManager: Shutting down and abandoning module FoliageEdit (534)
[2018.10.30-14.47.36:822][879]LogModuleManager: Shutting down and abandoning module LandscapeEditor (532)
[2018.10.30-14.47.36:826][879]LogModuleManager: Shutting down and abandoning module MeshPaintMode (530)
[2018.10.30-14.47.36:826][879]LogModuleManager: Shutting down and abandoning module SceneDepthPickerMode (528)
[2018.10.30-14.47.36:826][879]LogModuleManager: Shutting down and abandoning module ActorPickerMode (526)
[2018.10.30-14.47.36:826][879]LogModuleManager: Shutting down and abandoning module GeometryMode (524)
[2018.10.30-14.47.36:826][879]LogModuleManager: Shutting down and abandoning module TextureAlignMode (522)
[2018.10.30-14.47.36:826][879]LogModuleManager: Shutting down and abandoning module BspMode (520)
[2018.10.30-14.47.36:826][879]LogModuleManager: Shutting down and abandoning module PIEPreviewDeviceProfileSelector (518)
[2018.10.30-14.47.36:826][879]LogModuleManager: Shutting down and abandoning module HardwareSurvey (516)
[2018.10.30-14.47.36:826][879]LogModuleManager: Shutting down and abandoning module SequenceRecorderSections (514)
[2018.10.30-14.47.36:826][879]LogModuleManager: Shutting down and abandoning module AutomationWorker (512)
[2018.10.30-14.47.36:826][879]LogModuleManager: Shutting down and abandoning module MatineeToLevelSequence (510)
[2018.10.30-14.47.36:826][879]LogModuleManager: Shutting down and abandoning module LevelSequenceEditor (508)
[2018.10.30-14.47.36:826][879]LogModuleManager: Shutting down and abandoning module PlacementMode (507)
[2018.10.30-14.47.36:826][879]LogModuleManager: Shutting down and abandoning module WmfMediaFactory (504)
[2018.10.30-14.47.36:826][879]LogModuleManager: Shutting down and abandoning module WmfMediaEditor (502)
[2018.10.30-14.47.36:826][879]LogModuleManager: Shutting down and abandoning module OpenExrWrapper (500)
[2018.10.30-14.47.36:826][879]LogModuleManager: Shutting down and abandoning module ImgMediaFactory (498)
[2018.10.30-14.47.36:826][879]LogModuleManager: Shutting down and abandoning module ImgMediaEditor (496)
[2018.10.30-14.47.36:826][879]LogModuleManager: Shutting down and abandoning module AvfMediaFactory (494)
[2018.10.30-14.47.36:826][879]LogModuleManager: Shutting down and abandoning module AvfMediaEditor (492)
[2018.10.30-14.47.36:826][879]LogModuleManager: Shutting down and abandoning module AndroidMediaFactory (490)
[2018.10.30-14.47.36:826][879]LogModuleManager: Shutting down and abandoning module AndroidMediaEditor (488)
[2018.10.30-14.47.36:826][879]LogModuleManager: Shutting down and abandoning module CharacterAI (486)
[2018.10.30-14.47.36:826][879]LogModuleManager: Shutting down and abandoning module AudioCapture (484)
[2018.10.30-14.47.36:826][879]LogModuleManager: Shutting down and abandoning module SequenceRecorder (483)
[2018.10.30-14.47.36:826][879]LogModuleManager: Shutting down and abandoning module SmartSnapping (480)
[2018.10.30-14.47.36:826][879]LogModuleManager: Shutting down and abandoning module SessionServices (478)
[2018.10.30-14.47.36:826][879]LogModuleManager: Shutting down and abandoning module ViewportSnapping (476)
[2018.10.30-14.47.36:826][879]LogModuleManager: Shutting down and abandoning module ViewportInteraction (474)
[2018.10.30-14.47.36:826][879]LogModuleManager: Shutting down and abandoning module ClothPainter (472)
[2018.10.30-14.47.36:826][879]LogModuleManager: Shutting down and abandoning module SkeletalMeshEditor (471)
[2018.10.30-14.47.36:838][879]LogModuleManager: Shutting down and abandoning module LogVisualizer (468)
[2018.10.30-14.47.36:838][879]LogModuleManager: Shutting down and abandoning module IntroTutorials (466)
[2018.10.30-14.47.36:838][879]LogModuleManager: Shutting down and abandoning module GameProjectGeneration (465)
[2018.10.30-14.47.36:847][879]LogModuleManager: Shutting down and abandoning module IOSPlatformEditor (462)
[2018.10.30-14.47.36:847][879]LogModuleManager: Shutting down and abandoning module HTML5PlatformEditor (460)
[2018.10.30-14.47.36:847][879]LogModuleManager: Shutting down and abandoning module AndroidPlatformEditor (458)
[2018.10.30-14.47.36:847][879]LogModuleManager: Shutting down and abandoning module AndroidDeviceDetection (457)
[2018.10.30-14.47.37:466][879]LogModuleManager: Shutting down and abandoning module WindowsPlatformEditor (454)
[2018.10.30-14.47.37:466][879]LogModuleManager: Shutting down and abandoning module IOSRuntimeSettings (452)
[2018.10.30-14.47.37:466][879]LogModuleManager: Shutting down and abandoning module AndroidRuntimeSettings (450)
[2018.10.30-14.47.37:466][879]LogModuleManager: Shutting down and abandoning module InputBindingEditor (448)
[2018.10.30-14.47.37:466][879]LogModuleManager: Shutting down and abandoning module MergeActors (446)
[2018.10.30-14.47.37:548][879]LogModuleManager: Shutting down and abandoning module SizeMap (444)
[2018.10.30-14.47.37:548][879]LogModuleManager: Shutting down and abandoning module TreeMap (442)
[2018.10.30-14.47.37:548][879]LogModuleManager: Shutting down and abandoning module ReferenceViewer (440)
[2018.10.30-14.47.37:548][879]LogModuleManager: Shutting down and abandoning module LocalizationDashboard (438)
[2018.10.30-14.47.37:556][879]LogModuleManager: Shutting down and abandoning module LocalizationService (437)
[2018.10.30-14.47.37:556][879]LogModuleManager: Shutting down and abandoning module HardwareTargeting (434)
[2018.10.30-14.47.37:556][879]LogModuleManager: Shutting down and abandoning module DeviceProfileEditor (432)
[2018.10.30-14.47.37:556][879]LogModuleManager: Shutting down and abandoning module UndoHistory (430)
[2018.10.30-14.47.37:556][879]LogModuleManager: Shutting down and abandoning module XmlParser (428)
[2018.10.30-14.47.37:556][879]LogModuleManager: Shutting down and abandoning module Blutility (426)
[2018.10.30-14.47.37:556][879]LogModuleManager: Shutting down and abandoning module ProjectSettingsViewer (424)
[2018.10.30-14.47.37:556][879]LogModuleManager: Shutting down and abandoning module ProjectTargetPlatformEditor (423)
[2018.10.30-14.47.37:556][879]LogModuleManager: Shutting down and abandoning module EditorSettingsViewer (420)
[2018.10.30-14.47.37:556][879]LogModuleManager: Shutting down and abandoning module SettingsEditor (418)
[2018.10.30-14.47.37:565][879]LogModuleManager: Shutting down and abandoning module ProjectLauncher (416)
[2018.10.30-14.47.37:571][879]LogModuleManager: Shutting down and abandoning module SessionFrontend (414)
[2018.10.30-14.47.37:571][879]LogModuleManager: Shutting down and abandoning module ProfilerClient (412)
[2018.10.30-14.47.37:582][879]LogModuleManager: Shutting down and abandoning module DeviceManager (410)
[2018.10.30-14.47.37:582][879]LogModuleManager: Shutting down and abandoning module TargetDeviceServices (409)
[2018.10.30-14.47.37:643][879]LogModuleManager: Shutting down and abandoning module AutomationController (406)
[2018.10.30-14.47.37:646][879]LogModuleManager: Shutting down and abandoning module AutomationWindow (404)
[2018.10.30-14.47.37:662][879]LogModuleManager: Shutting down and abandoning module Layers (402)
[2018.10.30-14.47.37:670][879]LogModuleManager: Shutting down and abandoning module ComponentVisualizers (400)
[2018.10.30-14.47.37:670][879]LogModuleManager: Shutting down and abandoning module DetailCustomizations (398)
[2018.10.30-14.47.37:670][879]LogModuleManager: Shutting down and abandoning module PackagesDialog (396)
[2018.10.30-14.47.37:670][879]LogModuleManager: Shutting down and abandoning module Persona (394)
[2018.10.30-14.47.37:691][879]LogModuleManager: Shutting down and abandoning module AdvancedPreviewScene (393)
[2018.10.30-14.47.37:691][879]LogModuleManager: Shutting down and abandoning module AnimGraph (391)
[2018.10.30-14.47.37:691][879]LogModuleManager: Shutting down and abandoning module Kismet (388)
[2018.10.30-14.47.37:692][879]LogModuleManager: Shutting down and abandoning module ClassViewer (386)
[2018.10.30-14.47.37:692][879]LogModuleManager: Shutting down and abandoning module Toolbox (384)
[2018.10.30-14.47.37:692][879]LogModuleManager: Shutting down and abandoning module ModuleUI (382)
[2018.10.30-14.47.37:703][879]LogModuleManager: Shutting down and abandoning module MovieSceneTools (380)
[2018.10.30-14.47.37:709][879]LogModuleManager: Shutting down and abandoning module OutputLog (378)
[2018.10.30-14.47.37:709][879]LogModuleManager: Shutting down and abandoning module GammaUI (376)
[2018.10.30-14.47.37:717][879]LogModuleManager: Shutting down and abandoning module Documentation (374)
[2018.10.30-14.47.37:717][879]LogModuleManager: Shutting down and abandoning module MovieSceneTracks (372)
[2018.10.30-14.47.37:725][879]LogModuleManager: Shutting down and abandoning module MovieScene (370)
[2018.10.30-14.47.37:725][879]LogModuleManager: Shutting down and abandoning module StreamingPauseRendering (368)
[2018.10.30-14.47.37:725][879]LogModuleManager: Shutting down and abandoning module LauncherPlatform (366)
[2018.10.30-14.47.37:725][879]LogModuleManager: Shutting down and abandoning module AnalyticsET (364)
[2018.10.30-14.47.37:725][879]LogModuleManager: Shutting down and abandoning module PortalServices (362)
[2018.10.30-14.47.37:725][879]LogModuleManager: Shutting down and abandoning module PortalRpc (360)
[2018.10.30-14.47.37:725][879]LogModuleManager: Shutting down and abandoning module MessagingRpc (358)
[2018.10.30-14.47.37:725][879]LogModuleManager: Shutting down and abandoning module AIModule (356)
[2018.10.30-14.47.37:725][879]LogModuleManager: Shutting down and abandoning module GameplayDebugger (355)
[2018.10.30-14.47.37:725][879]LogModuleManager: Shutting down and abandoning module AITestSuite (353)
[2018.10.30-14.47.37:725][879]LogModuleManager: Shutting down and abandoning module DesktopPlatform (350)
[2018.10.30-14.47.37:725][879]LogModuleManager: Shutting down and abandoning module ProfilerService (348)
[2018.10.30-14.47.37:797][879]LogModuleManager: Shutting down and abandoning module TaskGraph (346)
[2018.10.30-14.47.37:797][879]LogModuleManager: Shutting down and abandoning module SteamVRController (344)
[2018.10.30-14.47.37:797][879]LogModuleManager: Shutting down and abandoning module ProceduralMeshComponentEditor (342)
[2018.10.30-14.47.37:797][879]LogModuleManager: Shutting down and abandoning module ProceduralMeshComponent (340)
[2018.10.30-14.47.37:797][879]LogModuleManager: Shutting down and abandoning module OculusInput (338)
[2018.10.30-14.47.37:797][879]LogModuleManager: Shutting down and abandoning module MobilePatchingUtils (336)
[2018.10.30-14.47.37:797][879]LogModuleManager: Shutting down and abandoning module CustomMeshComponent (334)
[2018.10.30-14.47.37:797][879]LogModuleManager: Shutting down and abandoning module CableComponent (332)
[2018.10.30-14.47.37:797][879]LogModuleManager: Shutting down and abandoning module ArchVisCharacter (330)
[2018.10.30-14.47.37:797][879]LogModuleManager: Shutting down and abandoning module AndroidPermission (328)
[2018.10.30-14.47.37:797][879]LogModuleManager: Shutting down and abandoning module ActorSequence (324)
[2018.10.30-14.47.37:797][879]LogModuleManager: Shutting down and abandoning module MediaPlayerEditor (322)
[2018.10.30-14.47.37:797][879]LogModuleManager: Shutting down and abandoning module MediaCompositingEditor (320)
[2018.10.30-14.47.37:797][879]LogModuleManager: Shutting down and abandoning module MediaCompositing (318)
[2018.10.30-14.47.37:797][879]LogModuleManager: Shutting down and abandoning module HTML5Networking (316)
[2018.10.30-14.47.37:797][879]LogModuleManager: Shutting down and abandoning module AlembicImporter (314)
[2018.10.30-14.47.37:797][879]LogModuleManager: Shutting down and abandoning module AlembicLibrary (313)
[2018.10.30-14.47.37:797][879]LogModuleManager: Shutting down and abandoning module GeometryCache (312)
[2018.10.30-14.47.37:797][879]LogModuleManager: Shutting down and abandoning module GeometryCacheEd (311)
[2018.10.30-14.47.37:797][879]LogModuleManager: Shutting down and abandoning module SpeedTreeImporter (306)
[2018.10.30-14.47.37:797][879]LogModuleManager: Shutting down and abandoning module PluginBrowser (304)
[2018.10.30-14.47.37:798][879]LogModuleManager: Shutting down and abandoning module MobileLauncherProfileWizard (302)
[2018.10.30-14.47.37:798][879]LogModuleManager: Shutting down and abandoning module VisualStudioSourceCodeAccess (300)
[2018.10.30-14.47.37:798][879]LogModuleManager: Shutting down and abandoning module VisualStudioCodeSourceCodeAccess (298)
[2018.10.30-14.47.37:798][879]LogModuleManager: Shutting down and abandoning module UObjectPlugin (296)
[2018.10.30-14.47.37:798][879]LogModuleManager: Shutting down and abandoning module SubversionSourceControl (294)
[2018.10.30-14.47.37:798][879]LogModuleManager: Shutting down and abandoning module PerforceSourceControl (292)
[2018.10.30-14.47.37:798][879]LogModuleManager: Shutting down and abandoning module GitSourceControl (290)
[2018.10.30-14.47.37:798][879]LogModuleManager: Shutting down and abandoning module SourceControl (289)
[2018.10.30-14.47.37:798][879]LogModuleManager: Shutting down and abandoning module LightPropagationVolumeEditor (286)
[2018.10.30-14.47.37:798][879]LogModuleManager: Shutting down and abandoning module PaperTiledImporter (284)
[2018.10.30-14.47.37:798][879]LogModuleManager: Shutting down and abandoning module PaperSpriteSheetImporter (282)
[2018.10.30-14.47.37:798][879]LogModuleManager: Shutting down and abandoning module Paper2DEditor (280)
[2018.10.30-14.47.37:798][879]LogModuleManager: Shutting down and abandoning module MeshPaint (279)
[2018.10.30-14.47.37:798][879]LogModuleManager: Shutting down and abandoning module LevelEditor (277)
[2018.10.30-14.47.37:798][879]LogModuleManager: Shutting down and abandoning module PixelInspectorModule (276)
[2018.10.30-14.47.37:798][879]LogModuleManager: Shutting down and abandoning module MainFrame (274)
[2018.10.30-14.47.37:798][879]LogModuleManager: Shutting down and abandoning module HotReload (273)
[2018.10.30-14.47.37:799][879]LogModuleManager: Shutting down and abandoning module RuntimePhysXCooking (268)
[2018.10.30-14.47.37:799][879]LogModuleManager: Shutting down and abandoning module PhysXVehiclesEditor (266)
[2018.10.30-14.47.37:799][879]LogModuleManager: Shutting down and abandoning module PhysXVehicles (264)
[2018.10.30-14.47.37:799][879]LogModuleManager: Shutting down and abandoning module OculusEditor (262)
[2018.10.30-14.47.37:799][879]LogModuleManager: Shutting down and abandoning module LocationServicesBPLibrary (260)
[2018.10.30-14.47.37:799][879]LogModuleManager: Shutting down and abandoning module ImmediatePhysicsEditor (258)
[2018.10.30-14.47.37:799][879]LogModuleManager: Shutting down and abandoning module ImmediatePhysics (256)
[2018.10.30-14.47.37:799][879]LogModuleManager: Shutting down and abandoning module UdpMessaging (254)
[2018.10.30-14.47.37:899][879]LogModuleManager: Shutting down and abandoning module TcpMessaging (252)
[2018.10.30-14.47.38:000][879]LogModuleManager: Shutting down and abandoning module GameplayTagsEditor (250)
[2018.10.30-14.47.38:000][879]LogModuleManager: Shutting down and abandoning module FacialAnimationEditor (248)
[2018.10.30-14.47.38:000][879]LogModuleManager: Shutting down and abandoning module FacialAnimation (246)
[2018.10.30-14.47.38:000][879]LogModuleManager: Shutting down and abandoning module AssetManagerEditor (244)
[2018.10.30-14.47.38:000][879]LogModuleManager: Shutting down and abandoning module GraphEditor (243)
[2018.10.30-14.47.38:000][879]LogModuleManager: Shutting down and abandoning module ContentBrowser (241)
[2018.10.30-14.47.38:000][879]LogModuleManager: Shutting down and abandoning module LightPropagationVolumeRuntime (238)
[2018.10.30-14.47.38:000][879]LogModuleManager: Shutting down and abandoning module Paper2D (236)
[2018.10.30-14.47.38:000][879]LogModuleManager: Shutting down and abandoning module WindowsMoviePlayer (234)
[2018.10.30-14.47.38:000][879]LogModuleManager: Shutting down and abandoning module WmfMedia (232)
[2018.10.30-14.47.38:001][879]LogModuleManager: Shutting down and abandoning module ImgMedia (230)
[2018.10.30-14.47.38:001][879]LogModuleManager: Shutting down and abandoning module PacketHandler (228)
[2018.10.30-14.47.38:001][879]LogModuleManager: Shutting down and abandoning module ClothingSystemEditor (226)
[2018.10.30-14.47.38:001][879]LogModuleManager: Shutting down and abandoning module ClothingSystemRuntime (224)
[2018.10.30-14.47.38:005][879]LogModuleManager: Shutting down and abandoning module MediaAssets (222)
[2018.10.30-14.47.38:005][879]LogModuleManager: Shutting down and abandoning module Media (221)
[2018.10.30-14.47.38:011][879]LogModuleManager: Shutting down and abandoning module Overlay (218)
[2018.10.30-14.47.38:011][879]LogModuleManager: Shutting down and abandoning module OverlayEditor (217)
[2018.10.30-14.47.38:011][879]LogModuleManager: Shutting down and abandoning module VREditor (214)
[2018.10.30-14.47.38:014][879]LogModuleManager: Shutting down and abandoning module StringTableEditor (212)
[2018.10.30-14.47.38:026][879]LogModuleManager: Shutting down and abandoning module GameplayTasksEditor (210)
[2018.10.30-14.47.38:026][879]LogModuleManager: Shutting down and abandoning module BehaviorTreeEditor (208)
[2018.10.30-14.47.38:035][879]LogModuleManager: Shutting down and abandoning module FunctionalTesting (206)
[2018.10.30-14.47.38:035][879]LogModuleManager: Shutting down and abandoning module CollisionAnalyzer (204)
[2018.10.30-14.47.38:035][879]LogModuleManager: Shutting down and abandoning module WorkspaceMenuStructure (203)
[2018.10.30-14.47.38:035][879]LogModuleManager: Shutting down and abandoning module UMG (200)
[2018.10.30-14.47.38:035][879]LogModuleManager: Shutting down and abandoning module UMGEditor (199)
[2018.10.30-14.47.38:035][879]LogModuleManager: Shutting down and abandoning module Sequencer (198)
[2018.10.30-14.47.38:035][879]LogModuleManager: Shutting down and abandoning module MessageLog (195)
[2018.10.30-14.47.38:035][879]LogModuleManager: Shutting down and abandoning module SlateReflector (190)
[2018.10.30-14.47.38:049][879]LogModuleManager: Shutting down and abandoning module Slate (188)
[2018.10.30-14.47.38:049][879]LogModuleManager: Shutting down and abandoning module EditorStyle (186)
[2018.10.30-14.47.38:051][879]LogModuleManager: Shutting down and abandoning module MRMesh (184)
[2018.10.30-14.47.38:051][879]LogModuleManager: Shutting down and abandoning module SourceCodeAccess (182)
[2018.10.30-14.47.38:051][879]LogModuleManager: Shutting down and abandoning module HeadMountedDisplay (180)
[2018.10.30-14.47.38:051][879]LogModuleManager: Shutting down and abandoning module XAudio2 (178)
[2018.10.30-14.47.38:051][879]LogModuleManager: Shutting down and abandoning module Networking (176)
[2018.10.30-14.47.38:051][879]LogModuleManager: Shutting down and abandoning module Core (172)
[2018.10.30-14.47.38:051][879]LogModuleManager: Shutting down and abandoning module LevelSequence (168)
[2018.10.30-14.47.38:051][879]LogModuleManager: Shutting down and abandoning module DirectoryWatcher (166)
[2018.10.30-14.47.38:051][879]LogModuleManager: Shutting down and abandoning module KismetCompiler (164)
[2018.10.30-14.47.38:051][879]LogModuleManager: Shutting down and abandoning module MeshUtilities (162)
[2018.10.30-14.47.38:055][879]LogModuleManager: Shutting down and abandoning module MeshMergeUtilities (161)
[2018.10.30-14.47.38:055][879]LogModuleManager: Shutting down and abandoning module MeshReductionInterface (160)
[2018.10.30-14.47.38:055][879]LogModuleManager: Shutting down and abandoning module SimplygonSwarm (159)
[2018.10.30-14.47.38:063][879]LogModuleManager: Shutting down and abandoning module SimplygonMeshReduction (157)
[2018.10.30-14.47.38:063][879]LogModuleManager: Shutting down and abandoning module QuadricMeshReduction (155)
[2018.10.30-14.47.38:063][879]LogModuleManager: Shutting down and abandoning module MaterialBaking (151)
[2018.10.30-14.47.38:063][879]LogModuleManager: Shutting down and abandoning module DerivedDataCache (148)
[2018.10.30-14.47.38:073][879]LogDerivedDataCache: Shutdown
[2018.10.30-14.47.38:073][879]LogModuleManager: Shutting down and abandoning module TargetPlatform (146)
[2018.10.30-14.47.38:073][879]LogModuleManager: Shutting down and abandoning module VulkanShaderFormat (145)
[2018.10.30-14.47.38:073][879]LogModuleManager: Shutting down and abandoning module ShaderFormatVectorVM (143)
[2018.10.30-14.47.38:076][879]LogModuleManager: Shutting down and abandoning module ShaderFormatOpenGL (141)
[2018.10.30-14.47.38:085][879]LogModuleManager: Shutting down and abandoning module ShaderFormatD3D (139)
[2018.10.30-14.47.38:085][879]LogModuleManager: Shutting down and abandoning module MetalShaderFormat (137)
[2018.10.30-14.47.38:085][879]LogModuleManager: Shutting down and abandoning module TextureFormatUncompressed (135)
[2018.10.30-14.47.38:085][879]LogModuleManager: Shutting down and abandoning module TextureFormatPVR (133)
[2018.10.30-14.47.38:085][879]LogModuleManager: Shutting down and abandoning module TextureFormatDXT (131)
[2018.10.30-14.47.38:085][879]LogModuleManager: Shutting down and abandoning module TextureFormatIntelISPCTexComp (129)
[2018.10.30-14.47.38:085][879]LogModuleManager: Shutting down and abandoning module TextureFormatASTC (127)
[2018.10.30-14.47.38:085][879]LogModuleManager: Shutting down and abandoning module ImageWrapper (126)
[2018.10.30-14.47.38:085][879]LogModuleManager: Shutting down and abandoning module TextureFormatAndroid (123)
[2018.10.30-14.47.38:085][879]LogModuleManager: Shutting down and abandoning module AudioFormatOpus (121)
[2018.10.30-14.47.38:085][879]LogModuleManager: Shutting down and abandoning module AudioFormatOgg (119)
[2018.10.30-14.47.38:085][879]LogModuleManager: Shutting down and abandoning module AudioFormatADPCM (117)
[2018.10.30-14.47.38:085][879]LogModuleManager: Shutting down and abandoning module LinuxTargetPlatform (115)
[2018.10.30-14.47.38:085][879]LogModuleManager: Shutting down and abandoning module LinuxServerTargetPlatform (113)
[2018.10.30-14.47.38:085][879]LogModuleManager: Shutting down and abandoning module LinuxNoEditorTargetPlatform (111)
[2018.10.30-14.47.38:085][879]LogModuleManager: Shutting down and abandoning module LinuxClientTargetPlatform (109)
[2018.10.30-14.47.38:085][879]LogModuleManager: Shutting down and abandoning module TVOSTargetPlatform (107)
[2018.10.30-14.47.38:085][879]LogModuleManager: Shutting down and abandoning module Messaging (105)
[2018.10.30-14.47.38:085][879]LogModuleManager: Shutting down and abandoning module IOSTargetPlatform (103)
[2018.10.30-14.47.38:085][879]LogModuleManager: Shutting down and abandoning module HTML5TargetPlatform (101)
[2018.10.30-14.47.38:085][879]LogModuleManager: Shutting down and abandoning module AndroidTargetPlatform (99)
[2018.10.30-14.47.38:085][879]LogModuleManager: Shutting down and abandoning module Android_PVRTCTargetPlatform (97)
[2018.10.30-14.47.38:085][879]LogModuleManager: Shutting down and abandoning module Android_MultiTargetPlatform (95)
[2018.10.30-14.47.38:085][879]LogModuleManager: Shutting down and abandoning module Android_ETC2TargetPlatform (93)
[2018.10.30-14.47.38:085][879]LogModuleManager: Shutting down and abandoning module Android_ETC1TargetPlatform (91)
[2018.10.30-14.47.38:085][879]LogModuleManager: Shutting down and abandoning module Android_DXTTargetPlatform (89)
[2018.10.30-14.47.38:085][879]LogModuleManager: Shutting down and abandoning module Android_ATCTargetPlatform (87)
[2018.10.30-14.47.38:085][879]LogModuleManager: Shutting down and abandoning module Android_ASTCTargetPlatform (85)
[2018.10.30-14.47.38:085][879]LogModuleManager: Shutting down and abandoning module WindowsTargetPlatform (83)
[2018.10.30-14.47.38:085][879]LogModuleManager: Shutting down and abandoning module WindowsServerTargetPlatform (81)
[2018.10.30-14.47.38:085][879]LogModuleManager: Shutting down and abandoning module WindowsNoEditorTargetPlatform (79)
[2018.10.30-14.47.38:085][879]LogModuleManager: Shutting down and abandoning module WindowsClientTargetPlatform (77)
[2018.10.30-14.47.38:085][879]LogModuleManager: Shutting down and abandoning module MacTargetPlatform (75)
[2018.10.30-14.47.38:085][879]LogModuleManager: Shutting down and abandoning module MacServerTargetPlatform (73)
[2018.10.30-14.47.38:085][879]LogModuleManager: Shutting down and abandoning module MacNoEditorTargetPlatform (71)
[2018.10.30-14.47.38:085][879]LogModuleManager: Shutting down and abandoning module MacClientTargetPlatform (69)
[2018.10.30-14.47.38:085][879]LogModuleManager: Shutting down and abandoning module AllDesktopTargetPlatform (67)
[2018.10.30-14.47.38:085][879]LogModuleManager: Shutting down and abandoning module InputCore (64)
[2018.10.30-14.47.38:085][879]LogModuleManager: Shutting down and abandoning module Settings (62)
[2018.10.30-14.47.38:085][879]LogModuleManager: Shutting down and abandoning module PhysXCooking (60)
[2018.10.30-14.47.38:085][879]LogModuleManager: Shutting down and abandoning module SteamVR (58)
[2018.10.30-14.47.38:085][879]LogModuleManager: Shutting down and abandoning module OculusHMD (56)
[2018.10.30-14.47.38:085][879]LogModuleManager: Shutting down and abandoning module ExampleDeviceProfileSelector (54)
[2018.10.30-14.47.38:085][879]LogModuleManager: Shutting down and abandoning module AppleARKit (52)
[2018.10.30-14.47.38:085][879]LogModuleManager: Shutting down and abandoning module AugmentedReality (51)
[2018.10.30-14.47.38:085][879]LogModuleManager: Shutting down and abandoning module OnlineBlueprintSupport (48)
[2018.10.30-14.47.38:085][879]LogModuleManager: Shutting down and abandoning module OnlineSubsystem (44)
[2018.10.30-14.47.38:085][879]LogModuleManager: Shutting down and abandoning module XMPP (43)
[2018.10.30-14.47.38:090][879]LogModuleManager: Shutting down and abandoning module HTTP (41)
[2018.10.30-14.47.38:090][879]LogHttp: Display: Http module shutting down, but needs to wait on 1 outstanding Http requests:
[2018.10.30-14.47.38:090][879]LogHttp: Display: 	verb=[POST] url=[https://datarouter.ol.epicgames.com/datarouter/api/v1/public/data?SessionID=%7B959C0060-4133-8E28-ED94-68B674484C36%7D&AppID=UEEditor.Rocket.Release&AppVersion=4.18.3-3832480%2B%2B%2BUE4%2BRelease-4.18&UserID=a79727bd43d66d8850fd4388ca7754c2%7C%7C4c213318-9b9c-4c31-a79a-694b9f43d535&AppEnvironment=datacollector-binary&UploadType=eteventstream] status=Processing
[2018.10.30-14.47.38:118][879]LogModuleManager: Shutting down and abandoning module SSL (40)
[2018.10.30-14.47.38:119][879]LogModuleManager: Shutting down and abandoning module AnimationModifiers (36)
[2018.10.30-14.47.38:119][879]LogModuleManager: Shutting down and abandoning module PropertyEditor (35)
[2018.10.30-14.47.38:119][879]LogModuleManager: Shutting down and abandoning module AudioEditor (32)
[2018.10.30-14.47.38:126][879]LogModuleManager: Shutting down and abandoning module TextureCompressor (30)
[2018.10.30-14.47.38:126][879]LogModuleManager: Shutting down and abandoning module ShaderCore (28)
[2018.10.30-14.47.38:126][879]LogModuleManager: Shutting down and abandoning module Landscape (26)
[2018.10.30-14.47.38:126][879]LogModuleManager: Shutting down and abandoning module SlateRHIRenderer (24)
[2018.10.30-14.47.38:130][879]LogModuleManager: Shutting down and abandoning module OpenGLDrv (22)
[2018.10.30-14.47.38:138][879]LogModuleManager: Shutting down and abandoning module D3D11RHI (20)
[2018.10.30-14.47.38:138][879]LogModuleManager: Shutting down and abandoning module AnimGraphRuntime (18)
[2018.10.30-14.47.38:138][879]LogModuleManager: Shutting down and abandoning module Renderer (16)
[2018.10.30-14.47.38:138][879]LogModuleManager: Shutting down and abandoning module Engine (14)
[2018.10.30-14.47.38:138][879]LogModuleManager: Shutting down and abandoning module CoreUObject (12)
[2018.10.30-14.47.38:138][879]LogModuleManager: Shutting down and abandoning module NetworkFile (10)
[2018.10.30-14.47.38:138][879]LogModuleManager: Shutting down and abandoning module CookedIterativeFile (8)
[2018.10.30-14.47.38:138][879]LogModuleManager: Shutting down and abandoning module StreamingFile (6)
[2018.10.30-14.47.38:138][879]LogModuleManager: Shutting down and abandoning module SandboxFile (4)
[2018.10.30-14.47.38:138][879]LogModuleManager: Shutting down and abandoning module PakFile (2)
[2018.10.30-14.47.38:141][879]LogExit: Exiting.
[2018.10.30-14.47.38:153][879]Log file closed, 10/30/18 10:47:38
